{"numFailedTestSuites":1,"numFailedTests":8,"numPassedTestSuites":11,"numPassedTests":34,"numPendingTestSuites":2,"numPendingTests":4,"numRuntimeErrorTestSuites":0,"numTodoTests":0,"numTotalTestSuites":14,"numTotalTests":46,"openHandles":[],"snapshot":{"added":0,"didUpdate":false,"failure":false,"filesAdded":0,"filesRemoved":0,"filesRemovedList":[],"filesUnmatched":0,"filesUpdated":0,"matched":0,"total":0,"unchecked":0,"uncheckedKeysByFile":[],"unmatched":0,"updated":0},"startTime":1771959751241,"success":false,"testResults":[{"assertionResults":[{"ancestorTitles":["api-config.js"],"duration":71,"failing":false,"failureDetails":[],"failureMessages":[],"fullName":"api-config.js should set window.API_BASE_URL correctly","invocations":1,"location":null,"numPassingAsserts":1,"retryReasons":[],"startAt":1771959753929,"status":"passed","title":"should set window.API_BASE_URL correctly"}],"endTime":1771959754002,"message":"","name":"C:\\Users\\takon\\OneDrive\\Desktop\\da\\01-claim_service\\web-claims-services\\__tests__\\api-config.test.js","startTime":1771959752877,"status":"passed","summary":""},{"assertionResults":[{"ancestorTitles":["Task Detail Page Extended Logic"],"duration":34,"failing":false,"failureDetails":[],"failureMessages":[],"fullName":"Task Detail Page Extended Logic should correctly parse local time components","invocations":1,"location":null,"numPassingAsserts":2,"retryReasons":[],"startAt":1771959754244,"status":"passed","title":"should correctly parse local time components"},{"ancestorTitles":["Task Detail Page Extended Logic"],"duration":10,"failing":false,"failureDetails":[],"failureMessages":[],"fullName":"Task Detail Page Extended Logic should include notes and additional details in order history","invocations":1,"location":null,"numPassingAsserts":3,"retryReasons":[],"startAt":1771959754279,"status":"passed","title":"should include notes and additional details in order history"},{"ancestorTitles":["Task Detail Page Extended Logic"],"duration":10,"failing":false,"failureDetails":[],"failureMessages":[],"fullName":"Task Detail Page Extended Logic should populate models when brand is selected","invocations":1,"location":null,"numPassingAsserts":1,"retryReasons":[],"startAt":1771959754289,"status":"passed","title":"should populate models when brand is selected"},{"ancestorTitles":["Task Detail Page Extended Logic"],"duration":10,"failing":false,"failureDetails":[],"failureMessages":[],"fullName":"Task Detail Page Extended Logic should populate custom inputs when brand/model is not in dropdown (Regression Test)","invocations":1,"location":null,"numPassingAsserts":3,"retryReasons":[],"startAt":1771959754300,"status":"passed","title":"should populate custom inputs when brand/model is not in dropdown (Regression Test)"}],"endTime":1771959754312,"message":"","name":"C:\\Users\\takon\\OneDrive\\Desktop\\da\\01-claim_service\\web-claims-services\\__tests__\\task-detail-extended.test.js","startTime":1771959752970,"status":"passed","summary":""},{"assertionResults":[{"ancestorTitles":["main.js"],"duration":197,"failing":false,"failureDetails":[],"failureMessages":[],"fullName":"main.js should initialize Menu and Helpers correctly on DOMContentLoaded","invocations":1,"location":null,"numPassingAsserts":2,"retryReasons":[],"startAt":1771959753954,"status":"passed","title":"should initialize Menu and Helpers correctly on DOMContentLoaded"},{"ancestorTitles":["main.js"],"duration":195,"failing":false,"failureDetails":[],"failureMessages":[],"fullName":"main.js should fetch and display app versions","invocations":1,"location":null,"numPassingAsserts":2,"retryReasons":[],"startAt":1771959754152,"status":"passed","title":"should fetch and display app versions"},{"ancestorTitles":["main.js"],"duration":20,"failing":false,"failureDetails":[],"failureMessages":[],"fullName":"main.js should handle menu toggler clicks","invocations":1,"location":null,"numPassingAsserts":1,"retryReasons":[],"startAt":1771959754347,"status":"passed","title":"should handle menu toggler clicks"},{"ancestorTitles":["main.js"],"duration":42,"failing":false,"failureDetails":[],"failureMessages":[],"fullName":"main.js should modify menu for Bike role","invocations":1,"location":null,"numPassingAsserts":3,"retryReasons":[],"startAt":1771959754367,"status":"passed","title":"should modify menu for Bike role"}],"endTime":1771959754411,"message":"","name":"C:\\Users\\takon\\OneDrive\\Desktop\\da\\01-claim_service\\web-claims-services\\__tests__\\main.test.js","startTime":1771959752832,"status":"passed","summary":""},{"assertionResults":[{"ancestorTitles":["login.js"],"duration":166,"failing":false,"failureDetails":[],"failureMessages":[],"fullName":"login.js should prevent default form submission","invocations":1,"location":null,"numPassingAsserts":1,"retryReasons":[],"startAt":1771959754134,"status":"passed","title":"should prevent default form submission"},{"ancestorTitles":["login.js"],"duration":3,"failing":false,"failureDetails":[],"failureMessages":[],"fullName":"login.js should show error for empty username","invocations":1,"location":null,"numPassingAsserts":3,"retryReasons":[],"startAt":1771959754300,"status":"passed","title":"should show error for empty username"},{"ancestorTitles":["login.js"],"duration":4,"failing":false,"failureDetails":[],"failureMessages":[],"fullName":"login.js should show error for empty password","invocations":1,"location":null,"numPassingAsserts":3,"retryReasons":[],"startAt":1771959754303,"status":"passed","title":"should show error for empty password"},{"ancestorTitles":["login.js"],"duration":43,"failing":false,"failureDetails":[],"failureMessages":[],"fullName":"login.js should call API with correct URL and data on successful login","invocations":1,"location":null,"numPassingAsserts":4,"retryReasons":[],"startAt":1771959754307,"status":"passed","title":"should call API with correct URL and data on successful login"},{"ancestorTitles":["login.js"],"duration":46,"failing":false,"failureDetails":[],"failureMessages":[],"fullName":"login.js should redirect Bike role to agent-dashboard.html","invocations":1,"location":null,"numPassingAsserts":3,"retryReasons":[],"startAt":1771959754350,"status":"passed","title":"should redirect Bike role to agent-dashboard.html"},{"ancestorTitles":["login.js"],"duration":2,"failing":false,"failureDetails":[],"failureMessages":[],"fullName":"login.js should show error message on API failure (401)","invocations":1,"location":null,"numPassingAsserts":4,"retryReasons":[],"startAt":1771959754396,"status":"passed","title":"should show error message on API failure (401)"},{"ancestorTitles":["login.js"],"duration":5,"failing":false,"failureDetails":[],"failureMessages":[],"fullName":"login.js should show server error message on 500 status","invocations":1,"location":null,"numPassingAsserts":4,"retryReasons":[],"startAt":1771959754398,"status":"passed","title":"should show server error message on 500 status"},{"ancestorTitles":["login.js"],"duration":35,"failing":false,"failureDetails":[],"failureMessages":[],"fullName":"login.js should show error message on network error","invocations":1,"location":null,"numPassingAsserts":4,"retryReasons":[],"startAt":1771959754403,"status":"passed","title":"should show error message on network error"}],"endTime":1771959754441,"message":"","name":"C:\\Users\\takon\\OneDrive\\Desktop\\da\\01-claim_service\\web-claims-services\\__tests__\\login.test.js","startTime":1771959752925,"status":"passed","summary":""},{"assertionResults":[{"ancestorTitles":["Menu static methods","Menu._hasClass"],"duration":9,"failing":false,"failureDetails":[{}],"failureMessages":["TypeError: Cannot read properties of undefined (reading '_hasClass')\n    at Object._hasClass (C:\\Users\\takon\\OneDrive\\Desktop\\da\\01-claim_service\\web-claims-services\\__tests__\\menu.test.js:34:19)\n    at Promise.finally.completed (C:\\Users\\takon\\OneDrive\\Desktop\\da\\01-claim_service\\web-claims-services\\node_modules\\jest-circus\\build\\jestAdapterInit.js:1557:28)\n    at new Promise (<anonymous>)\n    at callAsyncCircusFn (C:\\Users\\takon\\OneDrive\\Desktop\\da\\01-claim_service\\web-claims-services\\node_modules\\jest-circus\\build\\jestAdapterInit.js:1497:10)\n    at _callCircusTest (C:\\Users\\takon\\OneDrive\\Desktop\\da\\01-claim_service\\web-claims-services\\node_modules\\jest-circus\\build\\jestAdapterInit.js:1007:40)\n    at processTicksAndRejections (node:internal/process/task_queues:105:5)\n    at _runTest (C:\\Users\\takon\\OneDrive\\Desktop\\da\\01-claim_service\\web-claims-services\\node_modules\\jest-circus\\build\\jestAdapterInit.js:947:3)\n    at C:\\Users\\takon\\OneDrive\\Desktop\\da\\01-claim_service\\web-claims-services\\node_modules\\jest-circus\\build\\jestAdapterInit.js:849:7\n    at _runTestsForDescribeBlock (C:\\Users\\takon\\OneDrive\\Desktop\\da\\01-claim_service\\web-claims-services\\node_modules\\jest-circus\\build\\jestAdapterInit.js:862:11)\n    at _runTestsForDescribeBlock (C:\\Users\\takon\\OneDrive\\Desktop\\da\\01-claim_service\\web-claims-services\\node_modules\\jest-circus\\build\\jestAdapterInit.js:857:11)\n    at _runTestsForDescribeBlock (C:\\Users\\takon\\OneDrive\\Desktop\\da\\01-claim_service\\web-claims-services\\node_modules\\jest-circus\\build\\jestAdapterInit.js:857:11)\n    at run (C:\\Users\\takon\\OneDrive\\Desktop\\da\\01-claim_service\\web-claims-services\\node_modules\\jest-circus\\build\\jestAdapterInit.js:761:3)\n    at runAndTransformResultsToJestFormat (C:\\Users\\takon\\OneDrive\\Desktop\\da\\01-claim_service\\web-claims-services\\node_modules\\jest-circus\\build\\jestAdapterInit.js:1918:21)\n    at jestAdapter (C:\\Users\\takon\\OneDrive\\Desktop\\da\\01-claim_service\\web-claims-services\\node_modules\\jest-circus\\build\\runner.js:101:19)\n    at runTestInternal (C:\\Users\\takon\\OneDrive\\Desktop\\da\\01-claim_service\\web-claims-services\\node_modules\\jest-runner\\build\\testWorker.js:275:16)\n    at runTest (C:\\Users\\takon\\OneDrive\\Desktop\\da\\01-claim_service\\web-claims-services\\node_modules\\jest-runner\\build\\testWorker.js:343:7)\n    at Object.worker (C:\\Users\\takon\\OneDrive\\Desktop\\da\\01-claim_service\\web-claims-services\\node_modules\\jest-runner\\build\\testWorker.js:497:12)"],"fullName":"Menu static methods Menu._hasClass should return true if the element has the class","invocations":1,"location":null,"numPassingAsserts":0,"retryReasons":[],"startAt":1771959754538,"status":"failed","title":"should return true if the element has the class"},{"ancestorTitles":["Menu static methods","Menu._hasClass"],"duration":5,"failing":false,"failureDetails":[{}],"failureMessages":["TypeError: Cannot read properties of undefined (reading '_hasClass')\n    at Object._hasClass (C:\\Users\\takon\\OneDrive\\Desktop\\da\\01-claim_service\\web-claims-services\\__tests__\\menu.test.js:40:19)\n    at Promise.finally.completed (C:\\Users\\takon\\OneDrive\\Desktop\\da\\01-claim_service\\web-claims-services\\node_modules\\jest-circus\\build\\jestAdapterInit.js:1557:28)\n    at new Promise (<anonymous>)\n    at callAsyncCircusFn (C:\\Users\\takon\\OneDrive\\Desktop\\da\\01-claim_service\\web-claims-services\\node_modules\\jest-circus\\build\\jestAdapterInit.js:1497:10)\n    at _callCircusTest (C:\\Users\\takon\\OneDrive\\Desktop\\da\\01-claim_service\\web-claims-services\\node_modules\\jest-circus\\build\\jestAdapterInit.js:1007:40)\n    at processTicksAndRejections (node:internal/process/task_queues:105:5)\n    at _runTest (C:\\Users\\takon\\OneDrive\\Desktop\\da\\01-claim_service\\web-claims-services\\node_modules\\jest-circus\\build\\jestAdapterInit.js:947:3)\n    at C:\\Users\\takon\\OneDrive\\Desktop\\da\\01-claim_service\\web-claims-services\\node_modules\\jest-circus\\build\\jestAdapterInit.js:849:7\n    at _runTestsForDescribeBlock (C:\\Users\\takon\\OneDrive\\Desktop\\da\\01-claim_service\\web-claims-services\\node_modules\\jest-circus\\build\\jestAdapterInit.js:862:11)\n    at _runTestsForDescribeBlock (C:\\Users\\takon\\OneDrive\\Desktop\\da\\01-claim_service\\web-claims-services\\node_modules\\jest-circus\\build\\jestAdapterInit.js:857:11)\n    at _runTestsForDescribeBlock (C:\\Users\\takon\\OneDrive\\Desktop\\da\\01-claim_service\\web-claims-services\\node_modules\\jest-circus\\build\\jestAdapterInit.js:857:11)\n    at run (C:\\Users\\takon\\OneDrive\\Desktop\\da\\01-claim_service\\web-claims-services\\node_modules\\jest-circus\\build\\jestAdapterInit.js:761:3)\n    at runAndTransformResultsToJestFormat (C:\\Users\\takon\\OneDrive\\Desktop\\da\\01-claim_service\\web-claims-services\\node_modules\\jest-circus\\build\\jestAdapterInit.js:1918:21)\n    at jestAdapter (C:\\Users\\takon\\OneDrive\\Desktop\\da\\01-claim_service\\web-claims-services\\node_modules\\jest-circus\\build\\runner.js:101:19)\n    at runTestInternal (C:\\Users\\takon\\OneDrive\\Desktop\\da\\01-claim_service\\web-claims-services\\node_modules\\jest-runner\\build\\testWorker.js:275:16)\n    at runTest (C:\\Users\\takon\\OneDrive\\Desktop\\da\\01-claim_service\\web-claims-services\\node_modules\\jest-runner\\build\\testWorker.js:343:7)\n    at Object.worker (C:\\Users\\takon\\OneDrive\\Desktop\\da\\01-claim_service\\web-claims-services\\node_modules\\jest-runner\\build\\testWorker.js:497:12)"],"fullName":"Menu static methods Menu._hasClass should return false if the element does not have the class","invocations":1,"location":null,"numPassingAsserts":0,"retryReasons":[],"startAt":1771959754557,"status":"failed","title":"should return false if the element does not have the class"},{"ancestorTitles":["Menu static methods","Menu._hasClass"],"duration":2,"failing":false,"failureDetails":[{}],"failureMessages":["TypeError: Cannot read properties of undefined (reading '_hasClass')\n    at Object._hasClass (C:\\Users\\takon\\OneDrive\\Desktop\\da\\01-claim_service\\web-claims-services\\__tests__\\menu.test.js:45:21)\n    at Promise.finally.completed (C:\\Users\\takon\\OneDrive\\Desktop\\da\\01-claim_service\\web-claims-services\\node_modules\\jest-circus\\build\\jestAdapterInit.js:1557:28)\n    at new Promise (<anonymous>)\n    at callAsyncCircusFn (C:\\Users\\takon\\OneDrive\\Desktop\\da\\01-claim_service\\web-claims-services\\node_modules\\jest-circus\\build\\jestAdapterInit.js:1497:10)\n    at _callCircusTest (C:\\Users\\takon\\OneDrive\\Desktop\\da\\01-claim_service\\web-claims-services\\node_modules\\jest-circus\\build\\jestAdapterInit.js:1007:40)\n    at processTicksAndRejections (node:internal/process/task_queues:105:5)\n    at _runTest (C:\\Users\\takon\\OneDrive\\Desktop\\da\\01-claim_service\\web-claims-services\\node_modules\\jest-circus\\build\\jestAdapterInit.js:947:3)\n    at C:\\Users\\takon\\OneDrive\\Desktop\\da\\01-claim_service\\web-claims-services\\node_modules\\jest-circus\\build\\jestAdapterInit.js:849:7\n    at _runTestsForDescribeBlock (C:\\Users\\takon\\OneDrive\\Desktop\\da\\01-claim_service\\web-claims-services\\node_modules\\jest-circus\\build\\jestAdapterInit.js:862:11)\n    at _runTestsForDescribeBlock (C:\\Users\\takon\\OneDrive\\Desktop\\da\\01-claim_service\\web-claims-services\\node_modules\\jest-circus\\build\\jestAdapterInit.js:857:11)\n    at _runTestsForDescribeBlock (C:\\Users\\takon\\OneDrive\\Desktop\\da\\01-claim_service\\web-claims-services\\node_modules\\jest-circus\\build\\jestAdapterInit.js:857:11)\n    at run (C:\\Users\\takon\\OneDrive\\Desktop\\da\\01-claim_service\\web-claims-services\\node_modules\\jest-circus\\build\\jestAdapterInit.js:761:3)\n    at runAndTransformResultsToJestFormat (C:\\Users\\takon\\OneDrive\\Desktop\\da\\01-claim_service\\web-claims-services\\node_modules\\jest-circus\\build\\jestAdapterInit.js:1918:21)\n    at jestAdapter (C:\\Users\\takon\\OneDrive\\Desktop\\da\\01-claim_service\\web-claims-services\\node_modules\\jest-circus\\build\\runner.js:101:19)\n    at runTestInternal (C:\\Users\\takon\\OneDrive\\Desktop\\da\\01-claim_service\\web-claims-services\\node_modules\\jest-runner\\build\\testWorker.js:275:16)\n    at runTest (C:\\Users\\takon\\OneDrive\\Desktop\\da\\01-claim_service\\web-claims-services\\node_modules\\jest-runner\\build\\testWorker.js:343:7)\n    at Object.worker (C:\\Users\\takon\\OneDrive\\Desktop\\da\\01-claim_service\\web-claims-services\\node_modules\\jest-runner\\build\\testWorker.js:497:12)"],"fullName":"Menu static methods Menu._hasClass should handle multiple classes check","invocations":1,"location":null,"numPassingAsserts":0,"retryReasons":[],"startAt":1771959754562,"status":"failed","title":"should handle multiple classes check"},{"ancestorTitles":["Menu static methods","Menu._promisify"],"duration":2,"failing":false,"failureDetails":[{}],"failureMessages":["TypeError: Cannot read properties of undefined (reading '_promisify')\n    at Object._promisify (C:\\Users\\takon\\OneDrive\\Desktop\\da\\01-claim_service\\web-claims-services\\__tests__\\menu.test.js:51:27)\n    at Promise.finally.completed (C:\\Users\\takon\\OneDrive\\Desktop\\da\\01-claim_service\\web-claims-services\\node_modules\\jest-circus\\build\\jestAdapterInit.js:1557:28)\n    at new Promise (<anonymous>)\n    at callAsyncCircusFn (C:\\Users\\takon\\OneDrive\\Desktop\\da\\01-claim_service\\web-claims-services\\node_modules\\jest-circus\\build\\jestAdapterInit.js:1497:10)\n    at _callCircusTest (C:\\Users\\takon\\OneDrive\\Desktop\\da\\01-claim_service\\web-claims-services\\node_modules\\jest-circus\\build\\jestAdapterInit.js:1007:40)\n    at processTicksAndRejections (node:internal/process/task_queues:105:5)\n    at _runTest (C:\\Users\\takon\\OneDrive\\Desktop\\da\\01-claim_service\\web-claims-services\\node_modules\\jest-circus\\build\\jestAdapterInit.js:947:3)\n    at C:\\Users\\takon\\OneDrive\\Desktop\\da\\01-claim_service\\web-claims-services\\node_modules\\jest-circus\\build\\jestAdapterInit.js:849:7\n    at _runTestsForDescribeBlock (C:\\Users\\takon\\OneDrive\\Desktop\\da\\01-claim_service\\web-claims-services\\node_modules\\jest-circus\\build\\jestAdapterInit.js:862:11)\n    at _runTestsForDescribeBlock (C:\\Users\\takon\\OneDrive\\Desktop\\da\\01-claim_service\\web-claims-services\\node_modules\\jest-circus\\build\\jestAdapterInit.js:857:11)\n    at _runTestsForDescribeBlock (C:\\Users\\takon\\OneDrive\\Desktop\\da\\01-claim_service\\web-claims-services\\node_modules\\jest-circus\\build\\jestAdapterInit.js:857:11)\n    at run (C:\\Users\\takon\\OneDrive\\Desktop\\da\\01-claim_service\\web-claims-services\\node_modules\\jest-circus\\build\\jestAdapterInit.js:761:3)\n    at runAndTransformResultsToJestFormat (C:\\Users\\takon\\OneDrive\\Desktop\\da\\01-claim_service\\web-claims-services\\node_modules\\jest-circus\\build\\jestAdapterInit.js:1918:21)\n    at jestAdapter (C:\\Users\\takon\\OneDrive\\Desktop\\da\\01-claim_service\\web-claims-services\\node_modules\\jest-circus\\build\\runner.js:101:19)\n    at runTestInternal (C:\\Users\\takon\\OneDrive\\Desktop\\da\\01-claim_service\\web-claims-services\\node_modules\\jest-runner\\build\\testWorker.js:275:16)\n    at runTest (C:\\Users\\takon\\OneDrive\\Desktop\\da\\01-claim_service\\web-claims-services\\node_modules\\jest-runner\\build\\testWorker.js:343:7)\n    at Object.worker (C:\\Users\\takon\\OneDrive\\Desktop\\da\\01-claim_service\\web-claims-services\\node_modules\\jest-runner\\build\\testWorker.js:497:12)"],"fullName":"Menu static methods Menu._promisify should return a promise","invocations":1,"location":null,"numPassingAsserts":0,"retryReasons":[],"startAt":1771959754565,"status":"failed","title":"should return a promise"},{"ancestorTitles":["Menu static methods","Menu._promisify"],"duration":1,"failing":false,"failureDetails":[{}],"failureMessages":["TypeError: Cannot read properties of undefined (reading '_promisify')\n    at Object._promisify (C:\\Users\\takon\\OneDrive\\Desktop\\da\\01-claim_service\\web-claims-services\\__tests__\\menu.test.js:57:25)\n    at Promise.finally.completed (C:\\Users\\takon\\OneDrive\\Desktop\\da\\01-claim_service\\web-claims-services\\node_modules\\jest-circus\\build\\jestAdapterInit.js:1557:28)\n    at new Promise (<anonymous>)\n    at callAsyncCircusFn (C:\\Users\\takon\\OneDrive\\Desktop\\da\\01-claim_service\\web-claims-services\\node_modules\\jest-circus\\build\\jestAdapterInit.js:1497:10)\n    at _callCircusTest (C:\\Users\\takon\\OneDrive\\Desktop\\da\\01-claim_service\\web-claims-services\\node_modules\\jest-circus\\build\\jestAdapterInit.js:1007:40)\n    at processTicksAndRejections (node:internal/process/task_queues:105:5)\n    at _runTest (C:\\Users\\takon\\OneDrive\\Desktop\\da\\01-claim_service\\web-claims-services\\node_modules\\jest-circus\\build\\jestAdapterInit.js:947:3)\n    at C:\\Users\\takon\\OneDrive\\Desktop\\da\\01-claim_service\\web-claims-services\\node_modules\\jest-circus\\build\\jestAdapterInit.js:849:7\n    at _runTestsForDescribeBlock (C:\\Users\\takon\\OneDrive\\Desktop\\da\\01-claim_service\\web-claims-services\\node_modules\\jest-circus\\build\\jestAdapterInit.js:862:11)\n    at _runTestsForDescribeBlock (C:\\Users\\takon\\OneDrive\\Desktop\\da\\01-claim_service\\web-claims-services\\node_modules\\jest-circus\\build\\jestAdapterInit.js:857:11)\n    at _runTestsForDescribeBlock (C:\\Users\\takon\\OneDrive\\Desktop\\da\\01-claim_service\\web-claims-services\\node_modules\\jest-circus\\build\\jestAdapterInit.js:857:11)\n    at run (C:\\Users\\takon\\OneDrive\\Desktop\\da\\01-claim_service\\web-claims-services\\node_modules\\jest-circus\\build\\jestAdapterInit.js:761:3)\n    at runAndTransformResultsToJestFormat (C:\\Users\\takon\\OneDrive\\Desktop\\da\\01-claim_service\\web-claims-services\\node_modules\\jest-circus\\build\\jestAdapterInit.js:1918:21)\n    at jestAdapter (C:\\Users\\takon\\OneDrive\\Desktop\\da\\01-claim_service\\web-claims-services\\node_modules\\jest-circus\\build\\runner.js:101:19)\n    at runTestInternal (C:\\Users\\takon\\OneDrive\\Desktop\\da\\01-claim_service\\web-claims-services\\node_modules\\jest-runner\\build\\testWorker.js:275:16)\n    at runTest (C:\\Users\\takon\\OneDrive\\Desktop\\da\\01-claim_service\\web-claims-services\\node_modules\\jest-runner\\build\\testWorker.js:343:7)\n    at Object.worker (C:\\Users\\takon\\OneDrive\\Desktop\\da\\01-claim_service\\web-claims-services\\node_modules\\jest-runner\\build\\testWorker.js:497:12)"],"fullName":"Menu static methods Menu._promisify should resolve when function does not return false","invocations":1,"location":null,"numPassingAsserts":0,"retryReasons":[],"startAt":1771959754568,"status":"failed","title":"should resolve when function does not return false"},{"ancestorTitles":["Menu static methods","Menu._promisify"],"duration":0,"failing":false,"failureDetails":[{}],"failureMessages":["TypeError: Cannot read properties of undefined (reading '_promisify')\n    at Object._promisify (C:\\Users\\takon\\OneDrive\\Desktop\\da\\01-claim_service\\web-claims-services\\__tests__\\menu.test.js:62:25)\n    at Promise.finally.completed (C:\\Users\\takon\\OneDrive\\Desktop\\da\\01-claim_service\\web-claims-services\\node_modules\\jest-circus\\build\\jestAdapterInit.js:1557:28)\n    at new Promise (<anonymous>)\n    at callAsyncCircusFn (C:\\Users\\takon\\OneDrive\\Desktop\\da\\01-claim_service\\web-claims-services\\node_modules\\jest-circus\\build\\jestAdapterInit.js:1497:10)\n    at _callCircusTest (C:\\Users\\takon\\OneDrive\\Desktop\\da\\01-claim_service\\web-claims-services\\node_modules\\jest-circus\\build\\jestAdapterInit.js:1007:40)\n    at processTicksAndRejections (node:internal/process/task_queues:105:5)\n    at _runTest (C:\\Users\\takon\\OneDrive\\Desktop\\da\\01-claim_service\\web-claims-services\\node_modules\\jest-circus\\build\\jestAdapterInit.js:947:3)\n    at C:\\Users\\takon\\OneDrive\\Desktop\\da\\01-claim_service\\web-claims-services\\node_modules\\jest-circus\\build\\jestAdapterInit.js:849:7\n    at _runTestsForDescribeBlock (C:\\Users\\takon\\OneDrive\\Desktop\\da\\01-claim_service\\web-claims-services\\node_modules\\jest-circus\\build\\jestAdapterInit.js:862:11)\n    at _runTestsForDescribeBlock (C:\\Users\\takon\\OneDrive\\Desktop\\da\\01-claim_service\\web-claims-services\\node_modules\\jest-circus\\build\\jestAdapterInit.js:857:11)\n    at _runTestsForDescribeBlock (C:\\Users\\takon\\OneDrive\\Desktop\\da\\01-claim_service\\web-claims-services\\node_modules\\jest-circus\\build\\jestAdapterInit.js:857:11)\n    at run (C:\\Users\\takon\\OneDrive\\Desktop\\da\\01-claim_service\\web-claims-services\\node_modules\\jest-circus\\build\\jestAdapterInit.js:761:3)\n    at runAndTransformResultsToJestFormat (C:\\Users\\takon\\OneDrive\\Desktop\\da\\01-claim_service\\web-claims-services\\node_modules\\jest-circus\\build\\jestAdapterInit.js:1918:21)\n    at jestAdapter (C:\\Users\\takon\\OneDrive\\Desktop\\da\\01-claim_service\\web-claims-services\\node_modules\\jest-circus\\build\\runner.js:101:19)\n    at runTestInternal (C:\\Users\\takon\\OneDrive\\Desktop\\da\\01-claim_service\\web-claims-services\\node_modules\\jest-runner\\build\\testWorker.js:275:16)\n    at runTest (C:\\Users\\takon\\OneDrive\\Desktop\\da\\01-claim_service\\web-claims-services\\node_modules\\jest-runner\\build\\testWorker.js:343:7)\n    at Object.worker (C:\\Users\\takon\\OneDrive\\Desktop\\da\\01-claim_service\\web-claims-services\\node_modules\\jest-runner\\build\\testWorker.js:497:12)"],"fullName":"Menu static methods Menu._promisify should reject if the function returns false","invocations":1,"location":null,"numPassingAsserts":0,"retryReasons":[],"startAt":1771959754570,"status":"failed","title":"should reject if the function returns false"},{"ancestorTitles":["Menu static methods","Menu._promisify"],"duration":1,"failing":false,"failureDetails":[{}],"failureMessages":["TypeError: Cannot read properties of undefined (reading '_promisify')\n    at Object._promisify (C:\\Users\\takon\\OneDrive\\Desktop\\da\\01-claim_service\\web-claims-services\\__tests__\\menu.test.js:68:19)\n    at Promise.finally.completed (C:\\Users\\takon\\OneDrive\\Desktop\\da\\01-claim_service\\web-claims-services\\node_modules\\jest-circus\\build\\jestAdapterInit.js:1557:28)\n    at new Promise (<anonymous>)\n    at callAsyncCircusFn (C:\\Users\\takon\\OneDrive\\Desktop\\da\\01-claim_service\\web-claims-services\\node_modules\\jest-circus\\build\\jestAdapterInit.js:1497:10)\n    at _callCircusTest (C:\\Users\\takon\\OneDrive\\Desktop\\da\\01-claim_service\\web-claims-services\\node_modules\\jest-circus\\build\\jestAdapterInit.js:1007:40)\n    at processTicksAndRejections (node:internal/process/task_queues:105:5)\n    at _runTest (C:\\Users\\takon\\OneDrive\\Desktop\\da\\01-claim_service\\web-claims-services\\node_modules\\jest-circus\\build\\jestAdapterInit.js:947:3)\n    at C:\\Users\\takon\\OneDrive\\Desktop\\da\\01-claim_service\\web-claims-services\\node_modules\\jest-circus\\build\\jestAdapterInit.js:849:7\n    at _runTestsForDescribeBlock (C:\\Users\\takon\\OneDrive\\Desktop\\da\\01-claim_service\\web-claims-services\\node_modules\\jest-circus\\build\\jestAdapterInit.js:862:11)\n    at _runTestsForDescribeBlock (C:\\Users\\takon\\OneDrive\\Desktop\\da\\01-claim_service\\web-claims-services\\node_modules\\jest-circus\\build\\jestAdapterInit.js:857:11)\n    at _runTestsForDescribeBlock (C:\\Users\\takon\\OneDrive\\Desktop\\da\\01-claim_service\\web-claims-services\\node_modules\\jest-circus\\build\\jestAdapterInit.js:857:11)\n    at run (C:\\Users\\takon\\OneDrive\\Desktop\\da\\01-claim_service\\web-claims-services\\node_modules\\jest-circus\\build\\jestAdapterInit.js:761:3)\n    at runAndTransformResultsToJestFormat (C:\\Users\\takon\\OneDrive\\Desktop\\da\\01-claim_service\\web-claims-services\\node_modules\\jest-circus\\build\\jestAdapterInit.js:1918:21)\n    at jestAdapter (C:\\Users\\takon\\OneDrive\\Desktop\\da\\01-claim_service\\web-claims-services\\node_modules\\jest-circus\\build\\runner.js:101:19)\n    at runTestInternal (C:\\Users\\takon\\OneDrive\\Desktop\\da\\01-claim_service\\web-claims-services\\node_modules\\jest-runner\\build\\testWorker.js:275:16)\n    at runTest (C:\\Users\\takon\\OneDrive\\Desktop\\da\\01-claim_service\\web-claims-services\\node_modules\\jest-runner\\build\\testWorker.js:343:7)\n    at Object.worker (C:\\Users\\takon\\OneDrive\\Desktop\\da\\01-claim_service\\web-claims-services\\node_modules\\jest-runner\\build\\testWorker.js:497:12)"],"fullName":"Menu static methods Menu._promisify should handle functions that return a promise","invocations":1,"location":null,"numPassingAsserts":0,"retryReasons":[],"startAt":1771959754571,"status":"failed","title":"should handle functions that return a promise"},{"ancestorTitles":["Menu static methods","Menu._promisify"],"duration":1,"failing":false,"failureDetails":[{}],"failureMessages":["TypeError: Cannot read properties of undefined (reading '_promisify')\n    at Object._promisify (C:\\Users\\takon\\OneDrive\\Desktop\\da\\01-claim_service\\web-claims-services\\__tests__\\menu.test.js:73:14)\n    at Promise.finally.completed (C:\\Users\\takon\\OneDrive\\Desktop\\da\\01-claim_service\\web-claims-services\\node_modules\\jest-circus\\build\\jestAdapterInit.js:1557:28)\n    at new Promise (<anonymous>)\n    at callAsyncCircusFn (C:\\Users\\takon\\OneDrive\\Desktop\\da\\01-claim_service\\web-claims-services\\node_modules\\jest-circus\\build\\jestAdapterInit.js:1497:10)\n    at _callCircusTest (C:\\Users\\takon\\OneDrive\\Desktop\\da\\01-claim_service\\web-claims-services\\node_modules\\jest-circus\\build\\jestAdapterInit.js:1007:40)\n    at processTicksAndRejections (node:internal/process/task_queues:105:5)\n    at _runTest (C:\\Users\\takon\\OneDrive\\Desktop\\da\\01-claim_service\\web-claims-services\\node_modules\\jest-circus\\build\\jestAdapterInit.js:947:3)\n    at C:\\Users\\takon\\OneDrive\\Desktop\\da\\01-claim_service\\web-claims-services\\node_modules\\jest-circus\\build\\jestAdapterInit.js:849:7\n    at _runTestsForDescribeBlock (C:\\Users\\takon\\OneDrive\\Desktop\\da\\01-claim_service\\web-claims-services\\node_modules\\jest-circus\\build\\jestAdapterInit.js:862:11)\n    at _runTestsForDescribeBlock (C:\\Users\\takon\\OneDrive\\Desktop\\da\\01-claim_service\\web-claims-services\\node_modules\\jest-circus\\build\\jestAdapterInit.js:857:11)\n    at _runTestsForDescribeBlock (C:\\Users\\takon\\OneDrive\\Desktop\\da\\01-claim_service\\web-claims-services\\node_modules\\jest-circus\\build\\jestAdapterInit.js:857:11)\n    at run (C:\\Users\\takon\\OneDrive\\Desktop\\da\\01-claim_service\\web-claims-services\\node_modules\\jest-circus\\build\\jestAdapterInit.js:761:3)\n    at runAndTransformResultsToJestFormat (C:\\Users\\takon\\OneDrive\\Desktop\\da\\01-claim_service\\web-claims-services\\node_modules\\jest-circus\\build\\jestAdapterInit.js:1918:21)\n    at jestAdapter (C:\\Users\\takon\\OneDrive\\Desktop\\da\\01-claim_service\\web-claims-services\\node_modules\\jest-circus\\build\\runner.js:101:19)\n    at runTestInternal (C:\\Users\\takon\\OneDrive\\Desktop\\da\\01-claim_service\\web-claims-services\\node_modules\\jest-runner\\build\\testWorker.js:275:16)\n    at runTest (C:\\Users\\takon\\OneDrive\\Desktop\\da\\01-claim_service\\web-claims-services\\node_modules\\jest-runner\\build\\testWorker.js:343:7)\n    at Object.worker (C:\\Users\\takon\\OneDrive\\Desktop\\da\\01-claim_service\\web-claims-services\\node_modules\\jest-runner\\build\\testWorker.js:497:12)"],"fullName":"Menu static methods Menu._promisify should pass arguments to the function","invocations":1,"location":null,"numPassingAsserts":0,"retryReasons":[],"startAt":1771959754573,"status":"failed","title":"should pass arguments to the function"}],"endTime":1771959754617,"message":"  โ— Menu static methods โ€บ Menu._hasClass โ€บ should return true if the element has the class\n\n    TypeError: Cannot read properties of undefined (reading '_hasClass')\n\n    \u001b[0m \u001b[90m 32 |\u001b[39m     it(\u001b[32m'should return true if the element has the class'\u001b[39m\u001b[33m,\u001b[39m () \u001b[33m=>\u001b[39m {\n     \u001b[90m 33 |\u001b[39m       mockElement\u001b[33m.\u001b[39mclassList\u001b[33m.\u001b[39mcontains\u001b[33m.\u001b[39mmockReturnValue(\u001b[36mtrue\u001b[39m)\u001b[33m;\u001b[39m\n    \u001b[31m\u001b[1m>\u001b[22m\u001b[39m\u001b[90m 34 |\u001b[39m       expect(\u001b[33mMenu\u001b[39m\u001b[33m.\u001b[39m_hasClass(\u001b[32m'test-class'\u001b[39m\u001b[33m,\u001b[39m mockElement))\u001b[33m.\u001b[39mtoBe(\u001b[36mtrue\u001b[39m)\u001b[33m;\u001b[39m\n     \u001b[90m    |\u001b[39m                   \u001b[31m\u001b[1m^\u001b[22m\u001b[39m\n     \u001b[90m 35 |\u001b[39m       expect(mockElement\u001b[33m.\u001b[39mclassList\u001b[33m.\u001b[39mcontains)\u001b[33m.\u001b[39mtoHaveBeenCalledWith(\u001b[32m'test-class'\u001b[39m)\u001b[33m;\u001b[39m\n     \u001b[90m 36 |\u001b[39m     })\u001b[33m;\u001b[39m\n     \u001b[90m 37 |\u001b[39m\u001b[0m\n\n      at Object._hasClass (__tests__/menu.test.js:34:19)\n\n  โ— Menu static methods โ€บ Menu._hasClass โ€บ should return false if the element does not have the class\n\n    TypeError: Cannot read properties of undefined (reading '_hasClass')\n\n    \u001b[0m \u001b[90m 38 |\u001b[39m     it(\u001b[32m'should return false if the element does not have the class'\u001b[39m\u001b[33m,\u001b[39m () \u001b[33m=>\u001b[39m {\n     \u001b[90m 39 |\u001b[39m       mockElement\u001b[33m.\u001b[39mclassList\u001b[33m.\u001b[39mcontains\u001b[33m.\u001b[39mmockReturnValue(\u001b[36mfalse\u001b[39m)\u001b[33m;\u001b[39m\n    \u001b[31m\u001b[1m>\u001b[22m\u001b[39m\u001b[90m 40 |\u001b[39m       expect(\u001b[33mMenu\u001b[39m\u001b[33m.\u001b[39m_hasClass(\u001b[32m'test-class'\u001b[39m\u001b[33m,\u001b[39m mockElement))\u001b[33m.\u001b[39mtoBe(\u001b[36mfalse\u001b[39m)\u001b[33m;\u001b[39m\n     \u001b[90m    |\u001b[39m                   \u001b[31m\u001b[1m^\u001b[22m\u001b[39m\n     \u001b[90m 41 |\u001b[39m     })\u001b[33m;\u001b[39m\n     \u001b[90m 42 |\u001b[39m\n     \u001b[90m 43 |\u001b[39m     it(\u001b[32m'should handle multiple classes check'\u001b[39m\u001b[33m,\u001b[39m () \u001b[33m=>\u001b[39m {\u001b[0m\n\n      at Object._hasClass (__tests__/menu.test.js:40:19)\n\n  โ— Menu static methods โ€บ Menu._hasClass โ€บ should handle multiple classes check\n\n    TypeError: Cannot read properties of undefined (reading '_hasClass')\n\n    \u001b[0m \u001b[90m 43 |\u001b[39m     it(\u001b[32m'should handle multiple classes check'\u001b[39m\u001b[33m,\u001b[39m () \u001b[33m=>\u001b[39m {\n     \u001b[90m 44 |\u001b[39m         mockElement\u001b[33m.\u001b[39mclassList\u001b[33m.\u001b[39mcontains\u001b[33m.\u001b[39mmockImplementation(c \u001b[33m=>\u001b[39m c \u001b[33m===\u001b[39m \u001b[32m'class1'\u001b[39m)\u001b[33m;\u001b[39m\n    \u001b[31m\u001b[1m>\u001b[22m\u001b[39m\u001b[90m 45 |\u001b[39m         expect(\u001b[33mMenu\u001b[39m\u001b[33m.\u001b[39m_hasClass(\u001b[32m'class1 class2'\u001b[39m\u001b[33m,\u001b[39m mockElement))\u001b[33m.\u001b[39mtoBe(\u001b[36mtrue\u001b[39m)\u001b[33m;\u001b[39m\n     \u001b[90m    |\u001b[39m                     \u001b[31m\u001b[1m^\u001b[22m\u001b[39m\n     \u001b[90m 46 |\u001b[39m     })\u001b[33m;\u001b[39m\n     \u001b[90m 47 |\u001b[39m   })\u001b[33m;\u001b[39m\n     \u001b[90m 48 |\u001b[39m\u001b[0m\n\n      at Object._hasClass (__tests__/menu.test.js:45:21)\n\n  โ— Menu static methods โ€บ Menu._promisify โ€บ should return a promise\n\n    TypeError: Cannot read properties of undefined (reading '_promisify')\n\n    \u001b[0m \u001b[90m 49 |\u001b[39m   describe(\u001b[32m'Menu._promisify'\u001b[39m\u001b[33m,\u001b[39m () \u001b[33m=>\u001b[39m {\n     \u001b[90m 50 |\u001b[39m     it(\u001b[32m'should return a promise'\u001b[39m\u001b[33m,\u001b[39m () \u001b[33m=>\u001b[39m {\n    \u001b[31m\u001b[1m>\u001b[22m\u001b[39m\u001b[90m 51 |\u001b[39m       \u001b[36mconst\u001b[39m result \u001b[33m=\u001b[39m \u001b[33mMenu\u001b[39m\u001b[33m.\u001b[39m_promisify(() \u001b[33m=>\u001b[39m {})\u001b[33m;\u001b[39m\n     \u001b[90m    |\u001b[39m                           \u001b[31m\u001b[1m^\u001b[22m\u001b[39m\n     \u001b[90m 52 |\u001b[39m       expect(result)\u001b[33m.\u001b[39mtoBeInstanceOf(\u001b[33mPromise\u001b[39m)\u001b[33m;\u001b[39m\n     \u001b[90m 53 |\u001b[39m     })\u001b[33m;\u001b[39m\n     \u001b[90m 54 |\u001b[39m\u001b[0m\n\n      at Object._promisify (__tests__/menu.test.js:51:27)\n\n  โ— Menu static methods โ€บ Menu._promisify โ€บ should resolve when function does not return false\n\n    TypeError: Cannot read properties of undefined (reading '_promisify')\n\n    \u001b[0m \u001b[90m 55 |\u001b[39m     it(\u001b[32m'should resolve when function does not return false'\u001b[39m\u001b[33m,\u001b[39m \u001b[36masync\u001b[39m () \u001b[33m=>\u001b[39m {\n     \u001b[90m 56 |\u001b[39m       \u001b[36mconst\u001b[39m func \u001b[33m=\u001b[39m () \u001b[33m=>\u001b[39m \u001b[32m'test'\u001b[39m\u001b[33m;\u001b[39m\n    \u001b[31m\u001b[1m>\u001b[22m\u001b[39m\u001b[90m 57 |\u001b[39m       \u001b[36mawait\u001b[39m expect(\u001b[33mMenu\u001b[39m\u001b[33m.\u001b[39m_promisify(func))\u001b[33m.\u001b[39mresolves\u001b[33m.\u001b[39mtoBe(undefined)\u001b[33m;\u001b[39m\n     \u001b[90m    |\u001b[39m                         \u001b[31m\u001b[1m^\u001b[22m\u001b[39m\n     \u001b[90m 58 |\u001b[39m     })\u001b[33m;\u001b[39m\n     \u001b[90m 59 |\u001b[39m\n     \u001b[90m 60 |\u001b[39m     it(\u001b[32m'should reject if the function returns false'\u001b[39m\u001b[33m,\u001b[39m \u001b[36masync\u001b[39m () \u001b[33m=>\u001b[39m {\u001b[0m\n\n      at Object._promisify (__tests__/menu.test.js:57:25)\n\n  โ— Menu static methods โ€บ Menu._promisify โ€บ should reject if the function returns false\n\n    TypeError: Cannot read properties of undefined (reading '_promisify')\n\n    \u001b[0m \u001b[90m 60 |\u001b[39m     it(\u001b[32m'should reject if the function returns false'\u001b[39m\u001b[33m,\u001b[39m \u001b[36masync\u001b[39m () \u001b[33m=>\u001b[39m {\n     \u001b[90m 61 |\u001b[39m       \u001b[36mconst\u001b[39m func \u001b[33m=\u001b[39m () \u001b[33m=>\u001b[39m \u001b[36mfalse\u001b[39m\u001b[33m;\u001b[39m\n    \u001b[31m\u001b[1m>\u001b[22m\u001b[39m\u001b[90m 62 |\u001b[39m       \u001b[36mawait\u001b[39m expect(\u001b[33mMenu\u001b[39m\u001b[33m.\u001b[39m_promisify(func))\u001b[33m.\u001b[39mrejects\u001b[33m.\u001b[39mtoBe(undefined)\u001b[33m;\u001b[39m\n     \u001b[90m    |\u001b[39m                         \u001b[31m\u001b[1m^\u001b[22m\u001b[39m\n     \u001b[90m 63 |\u001b[39m     })\u001b[33m;\u001b[39m\n     \u001b[90m 64 |\u001b[39m\n     \u001b[90m 65 |\u001b[39m     it(\u001b[32m'should handle functions that return a promise'\u001b[39m\u001b[33m,\u001b[39m \u001b[36masync\u001b[39m () \u001b[33m=>\u001b[39m {\u001b[0m\n\n      at Object._promisify (__tests__/menu.test.js:62:25)\n\n  โ— Menu static methods โ€บ Menu._promisify โ€บ should handle functions that return a promise\n\n    TypeError: Cannot read properties of undefined (reading '_promisify')\n\n    \u001b[0m \u001b[90m 66 |\u001b[39m       \u001b[36mconst\u001b[39m promise \u001b[33m=\u001b[39m \u001b[33mPromise\u001b[39m\u001b[33m.\u001b[39mresolve(\u001b[32m'test'\u001b[39m)\u001b[33m;\u001b[39m\n     \u001b[90m 67 |\u001b[39m       \u001b[36mconst\u001b[39m func \u001b[33m=\u001b[39m () \u001b[33m=>\u001b[39m promise\u001b[33m;\u001b[39m\n    \u001b[31m\u001b[1m>\u001b[22m\u001b[39m\u001b[90m 68 |\u001b[39m       expect(\u001b[33mMenu\u001b[39m\u001b[33m.\u001b[39m_promisify(func))\u001b[33m.\u001b[39mtoBe(promise)\u001b[33m;\u001b[39m\n     \u001b[90m    |\u001b[39m                   \u001b[31m\u001b[1m^\u001b[22m\u001b[39m\n     \u001b[90m 69 |\u001b[39m     })\u001b[33m;\u001b[39m\n     \u001b[90m 70 |\u001b[39m\n     \u001b[90m 71 |\u001b[39m     it(\u001b[32m'should pass arguments to the function'\u001b[39m\u001b[33m,\u001b[39m () \u001b[33m=>\u001b[39m {\u001b[0m\n\n      at Object._promisify (__tests__/menu.test.js:68:19)\n\n  โ— Menu static methods โ€บ Menu._promisify โ€บ should pass arguments to the function\n\n    TypeError: Cannot read properties of undefined (reading '_promisify')\n\n    \u001b[0m \u001b[90m 71 |\u001b[39m     it(\u001b[32m'should pass arguments to the function'\u001b[39m\u001b[33m,\u001b[39m () \u001b[33m=>\u001b[39m {\n     \u001b[90m 72 |\u001b[39m         \u001b[36mconst\u001b[39m func \u001b[33m=\u001b[39m jest\u001b[33m.\u001b[39mfn()\u001b[33m;\u001b[39m\n    \u001b[31m\u001b[1m>\u001b[22m\u001b[39m\u001b[90m 73 |\u001b[39m         \u001b[33mMenu\u001b[39m\u001b[33m.\u001b[39m_promisify(func\u001b[33m,\u001b[39m \u001b[35m1\u001b[39m\u001b[33m,\u001b[39m \u001b[32m'a'\u001b[39m)\u001b[33m;\u001b[39m\n     \u001b[90m    |\u001b[39m              \u001b[31m\u001b[1m^\u001b[22m\u001b[39m\n     \u001b[90m 74 |\u001b[39m         expect(func)\u001b[33m.\u001b[39mtoHaveBeenCalledWith(\u001b[35m1\u001b[39m\u001b[33m,\u001b[39m \u001b[32m'a'\u001b[39m)\u001b[33m;\u001b[39m\n     \u001b[90m 75 |\u001b[39m     })\u001b[33m;\u001b[39m\n     \u001b[90m 76 |\u001b[39m   })\u001b[33m;\u001b[39m\u001b[0m\n\n      at Object._promisify (__tests__/menu.test.js:73:14)\n","name":"C:\\Users\\takon\\OneDrive\\Desktop\\da\\01-claim_service\\web-claims-services\\__tests__\\menu.test.js","startTime":1771959752821,"status":"failed","summary":""},{"assertionResults":[{"ancestorTitles":["Config"],"duration":2,"failing":false,"failureDetails":[],"failureMessages":[],"fullName":"Config should have a config object defined","invocations":1,"location":null,"numPassingAsserts":1,"retryReasons":[],"startAt":1771959754630,"status":"passed","title":"should have a config object defined"},{"ancestorTitles":["Config"],"duration":1,"failing":false,"failureDetails":[],"failureMessages":[],"fullName":"Config should have primary color defined","invocations":1,"location":null,"numPassingAsserts":2,"retryReasons":[],"startAt":1771959754632,"status":"passed","title":"should have primary color defined"}],"endTime":1771959754634,"message":"","name":"C:\\Users\\takon\\OneDrive\\Desktop\\da\\01-claim_service\\web-claims-services\\__tests__\\config.test.js","startTime":1771959754531,"status":"passed","summary":""},{"assertionResults":[{"ancestorTitles":["Helpers.ajaxCall"],"duration":11,"failing":false,"failureDetails":[],"failureMessages":[],"fullName":"Helpers.ajaxCall should resolve with response text on successful request","invocations":1,"location":null,"numPassingAsserts":3,"retryReasons":[],"startAt":1771959754596,"status":"passed","title":"should resolve with response text on successful request"},{"ancestorTitles":["Helpers.ajaxCall"],"duration":26,"failing":false,"failureDetails":[],"failureMessages":[],"fullName":"Helpers.ajaxCall should reject with an error on a failed request","invocations":1,"location":null,"numPassingAsserts":1,"retryReasons":[],"startAt":1771959754608,"status":"passed","title":"should reject with an error on a failed request"},{"ancestorTitles":["Helpers.ajaxCall"],"duration":3,"failing":false,"failureDetails":[],"failureMessages":[],"fullName":"Helpers.ajaxCall should reject with an error on a network error","invocations":1,"location":null,"numPassingAsserts":1,"retryReasons":[],"startAt":1771959754636,"status":"passed","title":"should reject with an error on a network error"}],"endTime":1771959754641,"message":"","name":"C:\\Users\\takon\\OneDrive\\Desktop\\da\\01-claim_service\\web-claims-services\\__tests__\\ajax.test.js","startTime":1771959752915,"status":"passed","summary":""},{"assertionResults":[{"ancestorTitles":["history-attachments-refactored.js"],"duration":null,"failing":false,"failureDetails":[],"failureMessages":[],"fullName":"history-attachments-refactored.js should redirect to login if no token is present","invocations":1,"location":null,"numPassingAsserts":0,"retryReasons":[],"startAt":1771959754398,"status":"pending","title":"should redirect to login if no token is present"},{"ancestorTitles":["history-attachments-refactored.js"],"duration":254,"failing":false,"failureDetails":[],"failureMessages":[],"fullName":"history-attachments-refactored.js should hide history menu if role is Bike","invocations":1,"location":null,"numPassingAsserts":1,"retryReasons":[],"startAt":1771959754398,"status":"passed","title":"should hide history menu if role is Bike"},{"ancestorTitles":["history-attachments-refactored.js"],"duration":38,"failing":false,"failureDetails":[],"failureMessages":[],"fullName":"history-attachments-refactored.js should not hide history menu if role is Officer","invocations":1,"location":null,"numPassingAsserts":1,"retryReasons":[],"startAt":1771959754652,"status":"passed","title":"should not hide history menu if role is Officer"},{"ancestorTitles":["history-attachments-refactored.js"],"duration":19,"failing":false,"failureDetails":[],"failureMessages":[],"fullName":"history-attachments-refactored.js should display app version","invocations":1,"location":null,"numPassingAsserts":1,"retryReasons":[],"startAt":1771959754691,"status":"passed","title":"should display app version"},{"ancestorTitles":["history-attachments-refactored.js"],"duration":55,"failing":false,"failureDetails":[],"failureMessages":[],"fullName":"history-attachments-refactored.js should load user profile and update UI","invocations":1,"location":null,"numPassingAsserts":3,"retryReasons":[],"startAt":1771959754710,"status":"passed","title":"should load user profile and update UI"}],"endTime":1771959754766,"message":"","name":"C:\\Users\\takon\\OneDrive\\Desktop\\da\\01-claim_service\\web-claims-services\\__tests__\\history-attachments-refactored.test.js","startTime":1771959754050,"status":"focused","summary":""},{"assertionResults":[{"ancestorTitles":["task-attachments-refactored.js"],"duration":60,"failing":false,"failureDetails":[],"failureMessages":[],"fullName":"task-attachments-refactored.js should render table with License Plate column","invocations":1,"location":null,"numPassingAsserts":2,"retryReasons":[],"startAt":1771959754681,"status":"passed","title":"should render table with License Plate column"},{"ancestorTitles":["task-attachments-refactored.js"],"duration":31,"failing":false,"failureDetails":[],"failureMessages":[],"fullName":"task-attachments-refactored.js should render dash for missing License Plate","invocations":1,"location":null,"numPassingAsserts":1,"retryReasons":[],"startAt":1771959754741,"status":"passed","title":"should render dash for missing License Plate"}],"endTime":1771959754774,"message":"","name":"C:\\Users\\takon\\OneDrive\\Desktop\\da\\01-claim_service\\web-claims-services\\__tests__\\task-attachments-refactored.test.js","startTime":1771959754356,"status":"passed","summary":""},{"assertionResults":[{"ancestorTitles":["Task Detail - Create Template"],"duration":809,"failing":false,"failureDetails":[],"failureMessages":[],"fullName":"Task Detail - Create Template should generate image slots when \"Create Template\" button is clicked for \"around\" category","invocations":1,"location":null,"numPassingAsserts":3,"retryReasons":[],"startAt":1771959753881,"status":"passed","title":"should generate image slots when \"Create Template\" button is clicked for \"around\" category"},{"ancestorTitles":["Task Detail - Create Template"],"duration":107,"failing":false,"failureDetails":[],"failureMessages":[],"fullName":"Task Detail - Create Template should NOT disable the button and allow multiple sets to be created","invocations":1,"location":null,"numPassingAsserts":3,"retryReasons":[],"startAt":1771959754691,"status":"passed","title":"should NOT disable the button and allow multiple sets to be created"},{"ancestorTitles":["Task Detail - Create Template"],"duration":73,"failing":false,"failureDetails":[],"failureMessages":[],"fullName":"Task Detail - Create Template should generate slots for \"accessories\" category","invocations":1,"location":null,"numPassingAsserts":1,"retryReasons":[],"startAt":1771959754799,"status":"passed","title":"should generate slots for \"accessories\" category"}],"endTime":1771959754874,"message":"","name":"C:\\Users\\takon\\OneDrive\\Desktop\\da\\01-claim_service\\web-claims-services\\__tests__\\task-detail-create-template.test.js","startTime":1771959752815,"status":"passed","summary":""},{"assertionResults":[{"ancestorTitles":["Task Detail Page"],"duration":852,"failing":false,"failureDetails":[],"failureMessages":[],"fullName":"Task Detail Page should call loadOrderData with ID from URL","invocations":1,"location":null,"numPassingAsserts":2,"retryReasons":[],"startAt":1771959754042,"status":"passed","title":"should call loadOrderData with ID from URL"},{"ancestorTitles":["Task Detail Page"],"duration":126,"failing":false,"failureDetails":[],"failureMessages":[],"fullName":"Task Detail Page should display an alert on failed order data load","invocations":1,"location":null,"numPassingAsserts":1,"retryReasons":[],"startAt":1771959754895,"status":"passed","title":"should display an alert on failed order data load"}],"endTime":1771959755022,"message":"","name":"C:\\Users\\takon\\OneDrive\\Desktop\\da\\01-claim_service\\web-claims-services\\__tests__\\task-detail.test.js","startTime":1771959752863,"status":"passed","summary":""},{"assertionResults":[{"ancestorTitles":["Chunked Upload Logic"],"duration":null,"failing":false,"failureDetails":[],"failureMessages":[],"fullName":"Chunked Upload Logic should upload files in chunks","invocations":1,"location":null,"numPassingAsserts":0,"retryReasons":[],"startAt":1771959755081,"status":"pending","title":"should upload files in chunks"}],"coverage":{},"endTime":1771959755225,"message":"","name":"C:\\Users\\takon\\OneDrive\\Desktop\\da\\01-claim_service\\web-claims-services\\__tests__\\chunked-upload.test.js","startTime":1771959755225,"status":"skipped","summary":""},{"assertionResults":[{"ancestorTitles":["User Management Page Access Control"],"duration":null,"failing":false,"failureDetails":[],"failureMessages":[],"fullName":"User Management Page Access Control should allow access for Director role","invocations":1,"location":null,"numPassingAsserts":0,"retryReasons":[],"startAt":1771959755090,"status":"pending","title":"should allow access for Director role"},{"ancestorTitles":["User Management Page Access Control"],"duration":null,"failing":false,"failureDetails":[],"failureMessages":[],"fullName":"User Management Page Access Control should redirect if user role is not Director or other allowed roles","invocations":1,"location":null,"numPassingAsserts":0,"retryReasons":[],"startAt":1771959755090,"status":"pending","title":"should redirect if user role is not Director or other allowed roles"}],"coverage":{},"endTime":1771959755225,"message":"","name":"C:\\Users\\takon\\OneDrive\\Desktop\\da\\01-claim_service\\web-claims-services\\__tests__\\user-management.test.js","startTime":1771959755225,"status":"skipped","summary":""},{"assertionResults":[{"ancestorTitles":["Task Detail - Dynamic Image Upload"],"duration":99,"failing":false,"failureDetails":[],"failureMessages":[],"fullName":"Task Detail - Dynamic Image Upload should render add image buttons","invocations":1,"location":null,"numPassingAsserts":1,"retryReasons":[],"startAt":1771959755081,"status":"passed","title":"should render add image buttons"}],"endTime":1771959755181,"message":"","name":"C:\\Users\\takon\\OneDrive\\Desktop\\da\\01-claim_service\\web-claims-services\\__tests__\\task-detail-dynamic-upload.test.js","startTime":1771959752831,"status":"passed","summary":""}],"wasInterrupted":false}
