{"numFailedTestSuites":1,"numFailedTests":3,"numPassedTestSuites":16,"numPassedTests":67,"numPendingTestSuites":0,"numPendingTests":0,"numRuntimeErrorTestSuites":0,"numTodoTests":0,"numTotalTestSuites":17,"numTotalTests":70,"openHandles":[],"snapshot":{"added":0,"didUpdate":false,"failure":false,"filesAdded":0,"filesRemoved":0,"filesRemovedList":[],"filesUnmatched":0,"filesUpdated":0,"matched":0,"total":0,"unchecked":0,"uncheckedKeysByFile":[],"unmatched":0,"updated":0},"startTime":1782395566812,"success":false,"testResults":[{"assertionResults":[{"ancestorTitles":["login.js"],"duration":102,"failing":false,"failureDetails":[],"failureMessages":[],"fullName":"login.js should prevent default form submission","invocations":1,"location":null,"numPassingAsserts":1,"retryReasons":[],"startAt":1782395570027,"status":"passed","title":"should prevent default form submission"},{"ancestorTitles":["login.js"],"duration":6,"failing":false,"failureDetails":[],"failureMessages":[],"fullName":"login.js should show error for empty username","invocations":1,"location":null,"numPassingAsserts":3,"retryReasons":[],"startAt":1782395570130,"status":"passed","title":"should show error for empty username"},{"ancestorTitles":["login.js"],"duration":1,"failing":false,"failureDetails":[],"failureMessages":[],"fullName":"login.js should show error for empty password","invocations":1,"location":null,"numPassingAsserts":3,"retryReasons":[],"startAt":1782395570137,"status":"passed","title":"should show error for empty password"},{"ancestorTitles":["login.js"],"duration":3,"failing":false,"failureDetails":[],"failureMessages":[],"fullName":"login.js should call API with correct URL and data on successful login","invocations":1,"location":null,"numPassingAsserts":4,"retryReasons":[],"startAt":1782395570138,"status":"passed","title":"should call API with correct URL and data on successful login"},{"ancestorTitles":["login.js"],"duration":1,"failing":false,"failureDetails":[],"failureMessages":[],"fullName":"login.js should redirect Bike role to agent-dashboard.html","invocations":1,"location":null,"numPassingAsserts":3,"retryReasons":[],"startAt":1782395570142,"status":"passed","title":"should redirect Bike role to agent-dashboard.html"},{"ancestorTitles":["login.js"],"duration":1,"failing":false,"failureDetails":[],"failureMessages":[],"fullName":"login.js should show error message on API failure (401)","invocations":1,"location":null,"numPassingAsserts":4,"retryReasons":[],"startAt":1782395570144,"status":"passed","title":"should show error message on API failure (401)"},{"ancestorTitles":["login.js"],"duration":2,"failing":false,"failureDetails":[],"failureMessages":[],"fullName":"login.js should show server error message on 500 status","invocations":1,"location":null,"numPassingAsserts":4,"retryReasons":[],"startAt":1782395570145,"status":"passed","title":"should show server error message on 500 status"},{"ancestorTitles":["login.js"],"duration":51,"failing":false,"failureDetails":[],"failureMessages":[],"fullName":"login.js should show error message on network error","invocations":1,"location":null,"numPassingAsserts":4,"retryReasons":[],"startAt":1782395570147,"status":"passed","title":"should show error message on network error"}],"endTime":1782395570200,"message":"","name":"C:\\Users\\takon\\OneDrive\\Desktop\\da\\01_claim_service\\web-claims-service\\__tests__\\login.test.js","startTime":1782395568616,"status":"passed","summary":""},{"assertionResults":[{"ancestorTitles":["Task Management Access Control and Initialization"],"duration":6,"failing":false,"failureDetails":[{}],"failureMessages":["TypeError: Cannot delete property 'location' of #<Window>\n    at Object.<anonymous> (C:\\Users\\takon\\OneDrive\\Desktop\\da\\01_claim_service\\web-claims-service\\__tests__\\task-management.test.js:43:5)\n    at Promise.finally.completed (C:\\Users\\takon\\OneDrive\\Desktop\\da\\01_claim_service\\web-claims-service\\node_modules\\jest-circus\\build\\jestAdapterInit.js:1557:28)\n    at new Promise (<anonymous>)\n    at callAsyncCircusFn (C:\\Users\\takon\\OneDrive\\Desktop\\da\\01_claim_service\\web-claims-service\\node_modules\\jest-circus\\build\\jestAdapterInit.js:1497:10)\n    at _callCircusHook (C:\\Users\\takon\\OneDrive\\Desktop\\da\\01_claim_service\\web-claims-service\\node_modules\\jest-circus\\build\\jestAdapterInit.js:976:40)\n    at processTicksAndRejections (node:internal/process/task_queues:104:5)\n    at _runTest (C:\\Users\\takon\\OneDrive\\Desktop\\da\\01_claim_service\\web-claims-service\\node_modules\\jest-circus\\build\\jestAdapterInit.js:941:5)\n    at C:\\Users\\takon\\OneDrive\\Desktop\\da\\01_claim_service\\web-claims-service\\node_modules\\jest-circus\\build\\jestAdapterInit.js:849:7\n    at _runTestsForDescribeBlock (C:\\Users\\takon\\OneDrive\\Desktop\\da\\01_claim_service\\web-claims-service\\node_modules\\jest-circus\\build\\jestAdapterInit.js:862:11)\n    at _runTestsForDescribeBlock (C:\\Users\\takon\\OneDrive\\Desktop\\da\\01_claim_service\\web-claims-service\\node_modules\\jest-circus\\build\\jestAdapterInit.js:857:11)\n    at run (C:\\Users\\takon\\OneDrive\\Desktop\\da\\01_claim_service\\web-claims-service\\node_modules\\jest-circus\\build\\jestAdapterInit.js:761:3)\n    at runAndTransformResultsToJestFormat (C:\\Users\\takon\\OneDrive\\Desktop\\da\\01_claim_service\\web-claims-service\\node_modules\\jest-circus\\build\\jestAdapterInit.js:1918:21)\n    at jestAdapter (C:\\Users\\takon\\OneDrive\\Desktop\\da\\01_claim_service\\web-claims-service\\node_modules\\jest-circus\\build\\runner.js:101:19)\n    at runTestInternal (C:\\Users\\takon\\OneDrive\\Desktop\\da\\01_claim_service\\web-claims-service\\node_modules\\jest-runner\\build\\testWorker.js:275:16)\n    at runTest (C:\\Users\\takon\\OneDrive\\Desktop\\da\\01_claim_service\\web-claims-service\\node_modules\\jest-runner\\build\\testWorker.js:343:7)\n    at Object.worker (C:\\Users\\takon\\OneDrive\\Desktop\\da\\01_claim_service\\web-claims-service\\node_modules\\jest-runner\\build\\testWorker.js:497:12)"],"fullName":"Task Management Access Control and Initialization should allow Officer role and not redirect or logout","invocations":1,"location":null,"numPassingAsserts":0,"retryReasons":[],"startAt":1782395570064,"status":"failed","title":"should allow Officer role and not redirect or logout"},{"ancestorTitles":["Task Management Access Control and Initialization"],"duration":1,"failing":false,"failureDetails":[{}],"failureMessages":["TypeError: Cannot delete property 'location' of #<Window>\n    at Object.<anonymous> (C:\\Users\\takon\\OneDrive\\Desktop\\da\\01_claim_service\\web-claims-service\\__tests__\\task-management.test.js:43:5)\n    at Promise.finally.completed (C:\\Users\\takon\\OneDrive\\Desktop\\da\\01_claim_service\\web-claims-service\\node_modules\\jest-circus\\build\\jestAdapterInit.js:1557:28)\n    at new Promise (<anonymous>)\n    at callAsyncCircusFn (C:\\Users\\takon\\OneDrive\\Desktop\\da\\01_claim_service\\web-claims-service\\node_modules\\jest-circus\\build\\jestAdapterInit.js:1497:10)\n    at _callCircusHook (C:\\Users\\takon\\OneDrive\\Desktop\\da\\01_claim_service\\web-claims-service\\node_modules\\jest-circus\\build\\jestAdapterInit.js:976:40)\n    at processTicksAndRejections (node:internal/process/task_queues:104:5)\n    at _runTest (C:\\Users\\takon\\OneDrive\\Desktop\\da\\01_claim_service\\web-claims-service\\node_modules\\jest-circus\\build\\jestAdapterInit.js:941:5)\n    at C:\\Users\\takon\\OneDrive\\Desktop\\da\\01_claim_service\\web-claims-service\\node_modules\\jest-circus\\build\\jestAdapterInit.js:849:7\n    at _runTestsForDescribeBlock (C:\\Users\\takon\\OneDrive\\Desktop\\da\\01_claim_service\\web-claims-service\\node_modules\\jest-circus\\build\\jestAdapterInit.js:862:11)\n    at _runTestsForDescribeBlock (C:\\Users\\takon\\OneDrive\\Desktop\\da\\01_claim_service\\web-claims-service\\node_modules\\jest-circus\\build\\jestAdapterInit.js:857:11)\n    at run (C:\\Users\\takon\\OneDrive\\Desktop\\da\\01_claim_service\\web-claims-service\\node_modules\\jest-circus\\build\\jestAdapterInit.js:761:3)\n    at runAndTransformResultsToJestFormat (C:\\Users\\takon\\OneDrive\\Desktop\\da\\01_claim_service\\web-claims-service\\node_modules\\jest-circus\\build\\jestAdapterInit.js:1918:21)\n    at jestAdapter (C:\\Users\\takon\\OneDrive\\Desktop\\da\\01_claim_service\\web-claims-service\\node_modules\\jest-circus\\build\\runner.js:101:19)\n    at runTestInternal (C:\\Users\\takon\\OneDrive\\Desktop\\da\\01_claim_service\\web-claims-service\\node_modules\\jest-runner\\build\\testWorker.js:275:16)\n    at runTest (C:\\Users\\takon\\OneDrive\\Desktop\\da\\01_claim_service\\web-claims-service\\node_modules\\jest-runner\\build\\testWorker.js:343:7)\n    at Object.worker (C:\\Users\\takon\\OneDrive\\Desktop\\da\\01_claim_service\\web-claims-service\\node_modules\\jest-runner\\build\\testWorker.js:497:12)"],"fullName":"Task Management Access Control and Initialization should redirect Sales Manager to dashboard.html","invocations":1,"location":null,"numPassingAsserts":0,"retryReasons":[],"startAt":1782395570082,"status":"failed","title":"should redirect Sales Manager to dashboard.html"},{"ancestorTitles":["Task Management Access Control and Initialization"],"duration":0,"failing":false,"failureDetails":[{}],"failureMessages":["TypeError: Cannot delete property 'location' of #<Window>\n    at Object.<anonymous> (C:\\Users\\takon\\OneDrive\\Desktop\\da\\01_claim_service\\web-claims-service\\__tests__\\task-management.test.js:43:5)\n    at Promise.finally.completed (C:\\Users\\takon\\OneDrive\\Desktop\\da\\01_claim_service\\web-claims-service\\node_modules\\jest-circus\\build\\jestAdapterInit.js:1557:28)\n    at new Promise (<anonymous>)\n    at callAsyncCircusFn (C:\\Users\\takon\\OneDrive\\Desktop\\da\\01_claim_service\\web-claims-service\\node_modules\\jest-circus\\build\\jestAdapterInit.js:1497:10)\n    at _callCircusHook (C:\\Users\\takon\\OneDrive\\Desktop\\da\\01_claim_service\\web-claims-service\\node_modules\\jest-circus\\build\\jestAdapterInit.js:976:40)\n    at processTicksAndRejections (node:internal/process/task_queues:104:5)\n    at _runTest (C:\\Users\\takon\\OneDrive\\Desktop\\da\\01_claim_service\\web-claims-service\\node_modules\\jest-circus\\build\\jestAdapterInit.js:941:5)\n    at C:\\Users\\takon\\OneDrive\\Desktop\\da\\01_claim_service\\web-claims-service\\node_modules\\jest-circus\\build\\jestAdapterInit.js:849:7\n    at _runTestsForDescribeBlock (C:\\Users\\takon\\OneDrive\\Desktop\\da\\01_claim_service\\web-claims-service\\node_modules\\jest-circus\\build\\jestAdapterInit.js:862:11)\n    at _runTestsForDescribeBlock (C:\\Users\\takon\\OneDrive\\Desktop\\da\\01_claim_service\\web-claims-service\\node_modules\\jest-circus\\build\\jestAdapterInit.js:857:11)\n    at run (C:\\Users\\takon\\OneDrive\\Desktop\\da\\01_claim_service\\web-claims-service\\node_modules\\jest-circus\\build\\jestAdapterInit.js:761:3)\n    at runAndTransformResultsToJestFormat (C:\\Users\\takon\\OneDrive\\Desktop\\da\\01_claim_service\\web-claims-service\\node_modules\\jest-circus\\build\\jestAdapterInit.js:1918:21)\n    at jestAdapter (C:\\Users\\takon\\OneDrive\\Desktop\\da\\01_claim_service\\web-claims-service\\node_modules\\jest-circus\\build\\runner.js:101:19)\n    at runTestInternal (C:\\Users\\takon\\OneDrive\\Desktop\\da\\01_claim_service\\web-claims-service\\node_modules\\jest-runner\\build\\testWorker.js:275:16)\n    at runTest (C:\\Users\\takon\\OneDrive\\Desktop\\da\\01_claim_service\\web-claims-service\\node_modules\\jest-runner\\build\\testWorker.js:343:7)\n    at Object.worker (C:\\Users\\takon\\OneDrive\\Desktop\\da\\01_claim_service\\web-claims-service\\node_modules\\jest-runner\\build\\testWorker.js:497:12)"],"fullName":"Task Management Access Control and Initialization should redirect unauthenticated users to login page","invocations":1,"location":null,"numPassingAsserts":0,"retryReasons":[],"startAt":1782395570083,"status":"failed","title":"should redirect unauthenticated users to login page"}],"endTime":1782395570201,"message":"  ● Task Management Access Control and Initialization › should allow Officer role and not redirect or logout\n\n    TypeError: Cannot delete property 'location' of #<Window>\n\n    \u001b[0m \u001b[90m 41 |\u001b[39m       reload\u001b[33m:\u001b[39m jest\u001b[33m.\u001b[39mfn()\u001b[33m,\u001b[39m\n     \u001b[90m 42 |\u001b[39m     }\u001b[33m;\u001b[39m\n    \u001b[31m\u001b[1m>\u001b[22m\u001b[39m\u001b[90m 43 |\u001b[39m     \u001b[36mdelete\u001b[39m window\u001b[33m.\u001b[39mlocation\u001b[33m;\u001b[39m\n     \u001b[90m    |\u001b[39m     \u001b[31m\u001b[1m^\u001b[22m\u001b[39m\n     \u001b[90m 44 |\u001b[39m     window\u001b[33m.\u001b[39mlocation \u001b[33m=\u001b[39m mockLocation\u001b[33m;\u001b[39m\n     \u001b[90m 45 |\u001b[39m\n     \u001b[90m 46 |\u001b[39m     \u001b[90m// 3. Mock global dependencies\u001b[39m\u001b[0m\n\n      at Object.<anonymous> (__tests__/task-management.test.js:43:5)\n\n  ● Task Management Access Control and Initialization › should redirect Sales Manager to dashboard.html\n\n    TypeError: Cannot delete property 'location' of #<Window>\n\n    \u001b[0m \u001b[90m 41 |\u001b[39m       reload\u001b[33m:\u001b[39m jest\u001b[33m.\u001b[39mfn()\u001b[33m,\u001b[39m\n     \u001b[90m 42 |\u001b[39m     }\u001b[33m;\u001b[39m\n    \u001b[31m\u001b[1m>\u001b[22m\u001b[39m\u001b[90m 43 |\u001b[39m     \u001b[36mdelete\u001b[39m window\u001b[33m.\u001b[39mlocation\u001b[33m;\u001b[39m\n     \u001b[90m    |\u001b[39m     \u001b[31m\u001b[1m^\u001b[22m\u001b[39m\n     \u001b[90m 44 |\u001b[39m     window\u001b[33m.\u001b[39mlocation \u001b[33m=\u001b[39m mockLocation\u001b[33m;\u001b[39m\n     \u001b[90m 45 |\u001b[39m\n     \u001b[90m 46 |\u001b[39m     \u001b[90m// 3. Mock global dependencies\u001b[39m\u001b[0m\n\n      at Object.<anonymous> (__tests__/task-management.test.js:43:5)\n\n  ● Task Management Access Control and Initialization › should redirect unauthenticated users to login page\n\n    TypeError: Cannot delete property 'location' of #<Window>\n\n    \u001b[0m \u001b[90m 41 |\u001b[39m       reload\u001b[33m:\u001b[39m jest\u001b[33m.\u001b[39mfn()\u001b[33m,\u001b[39m\n     \u001b[90m 42 |\u001b[39m     }\u001b[33m;\u001b[39m\n    \u001b[31m\u001b[1m>\u001b[22m\u001b[39m\u001b[90m 43 |\u001b[39m     \u001b[36mdelete\u001b[39m window\u001b[33m.\u001b[39mlocation\u001b[33m;\u001b[39m\n     \u001b[90m    |\u001b[39m     \u001b[31m\u001b[1m^\u001b[22m\u001b[39m\n     \u001b[90m 44 |\u001b[39m     window\u001b[33m.\u001b[39mlocation \u001b[33m=\u001b[39m mockLocation\u001b[33m;\u001b[39m\n     \u001b[90m 45 |\u001b[39m\n     \u001b[90m 46 |\u001b[39m     \u001b[90m// 3. Mock global dependencies\u001b[39m\u001b[0m\n\n      at Object.<anonymous> (__tests__/task-management.test.js:43:5)\n","name":"C:\\Users\\takon\\OneDrive\\Desktop\\da\\01_claim_service\\web-claims-service\\__tests__\\task-management.test.js","startTime":1782395568492,"status":"failed","summary":""},{"assertionResults":[{"ancestorTitles":["main.js"],"duration":112,"failing":false,"failureDetails":[],"failureMessages":[],"fullName":"main.js should initialize Menu and Helpers correctly on DOMContentLoaded","invocations":1,"location":null,"numPassingAsserts":2,"retryReasons":[],"startAt":1782395569976,"status":"passed","title":"should initialize Menu and Helpers correctly on DOMContentLoaded"},{"ancestorTitles":["main.js"],"duration":116,"failing":false,"failureDetails":[],"failureMessages":[],"fullName":"main.js should fetch and display app versions","invocations":1,"location":null,"numPassingAsserts":2,"retryReasons":[],"startAt":1782395570089,"status":"passed","title":"should fetch and display app versions"},{"ancestorTitles":["main.js"],"duration":16,"failing":false,"failureDetails":[],"failureMessages":[],"fullName":"main.js should handle menu toggler clicks","invocations":1,"location":null,"numPassingAsserts":1,"retryReasons":[],"startAt":1782395570206,"status":"passed","title":"should handle menu toggler clicks"},{"ancestorTitles":["main.js"],"duration":34,"failing":false,"failureDetails":[],"failureMessages":[],"fullName":"main.js should modify menu for Bike role","invocations":1,"location":null,"numPassingAsserts":3,"retryReasons":[],"startAt":1782395570222,"status":"passed","title":"should modify menu for Bike role"}],"endTime":1782395570258,"message":"","name":"C:\\Users\\takon\\OneDrive\\Desktop\\da\\01_claim_service\\web-claims-service\\__tests__\\main.test.js","startTime":1782395568537,"status":"passed","summary":""},{"assertionResults":[{"ancestorTitles":["task-attachments-refactored.js"],"duration":101,"failing":false,"failureDetails":[],"failureMessages":[],"fullName":"task-attachments-refactored.js should render table with License Plate column","invocations":1,"location":null,"numPassingAsserts":2,"retryReasons":[],"startAt":1782395570194,"status":"passed","title":"should render table with License Plate column"},{"ancestorTitles":["task-attachments-refactored.js"],"duration":12,"failing":false,"failureDetails":[],"failureMessages":[],"fullName":"task-attachments-refactored.js should render dash for missing License Plate","invocations":1,"location":null,"numPassingAsserts":1,"retryReasons":[],"startAt":1782395570296,"status":"passed","title":"should render dash for missing License Plate"}],"endTime":1782395570310,"message":"","name":"C:\\Users\\takon\\OneDrive\\Desktop\\da\\01_claim_service\\web-claims-service\\__tests__\\task-attachments-refactored.test.js","startTime":1782395568580,"status":"passed","summary":""},{"assertionResults":[{"ancestorTitles":["history-attachments-refactored.js"],"duration":108,"failing":false,"failureDetails":[],"failureMessages":[],"fullName":"history-attachments-refactored.js should redirect to login if no token is present","invocations":1,"location":null,"numPassingAsserts":1,"retryReasons":[],"startAt":1782395570036,"status":"passed","title":"should redirect to login if no token is present"},{"ancestorTitles":["history-attachments-refactored.js"],"duration":99,"failing":false,"failureDetails":[],"failureMessages":[],"fullName":"history-attachments-refactored.js should hide history menu if role is Bike","invocations":1,"location":null,"numPassingAsserts":1,"retryReasons":[],"startAt":1782395570145,"status":"passed","title":"should hide history menu if role is Bike"},{"ancestorTitles":["history-attachments-refactored.js"],"duration":19,"failing":false,"failureDetails":[],"failureMessages":[],"fullName":"history-attachments-refactored.js should not hide history menu if role is Officer","invocations":1,"location":null,"numPassingAsserts":1,"retryReasons":[],"startAt":1782395570244,"status":"passed","title":"should not hide history menu if role is Officer"},{"ancestorTitles":["history-attachments-refactored.js"],"duration":10,"failing":false,"failureDetails":[],"failureMessages":[],"fullName":"history-attachments-refactored.js should display app version","invocations":1,"location":null,"numPassingAsserts":1,"retryReasons":[],"startAt":1782395570263,"status":"passed","title":"should display app version"},{"ancestorTitles":["history-attachments-refactored.js"],"duration":52,"failing":false,"failureDetails":[],"failureMessages":[],"fullName":"history-attachments-refactored.js should load user profile and update UI","invocations":1,"location":null,"numPassingAsserts":3,"retryReasons":[],"startAt":1782395570273,"status":"passed","title":"should load user profile and update UI"}],"endTime":1782395570327,"message":"","name":"C:\\Users\\takon\\OneDrive\\Desktop\\da\\01_claim_service\\web-claims-service\\__tests__\\history-attachments-refactored.test.js","startTime":1782395568576,"status":"passed","summary":""},{"assertionResults":[{"ancestorTitles":["api-config.js"],"duration":20,"failing":false,"failureDetails":[],"failureMessages":[],"fullName":"api-config.js should set window.API_BASE_URL correctly","invocations":1,"location":null,"numPassingAsserts":1,"retryReasons":[],"startAt":1782395570606,"status":"passed","title":"should set window.API_BASE_URL correctly"}],"endTime":1782395570626,"message":"","name":"C:\\Users\\takon\\OneDrive\\Desktop\\da\\01_claim_service\\web-claims-service\\__tests__\\api-config.test.js","startTime":1782395570348,"status":"passed","summary":""},{"assertionResults":[{"ancestorTitles":["Task Detail Page Extended Logic"],"duration":16,"failing":false,"failureDetails":[],"failureMessages":[],"fullName":"Task Detail Page Extended Logic should correctly parse local time components","invocations":1,"location":null,"numPassingAsserts":2,"retryReasons":[],"startAt":1782395570647,"status":"passed","title":"should correctly parse local time components"},{"ancestorTitles":["Task Detail Page Extended Logic"],"duration":4,"failing":false,"failureDetails":[],"failureMessages":[],"fullName":"Task Detail Page Extended Logic should include notes and additional details in order history","invocations":1,"location":null,"numPassingAsserts":3,"retryReasons":[],"startAt":1782395570663,"status":"passed","title":"should include notes and additional details in order history"},{"ancestorTitles":["Task Detail Page Extended Logic"],"duration":12,"failing":false,"failureDetails":[],"failureMessages":[],"fullName":"Task Detail Page Extended Logic should populate models when brand is selected","invocations":1,"location":null,"numPassingAsserts":1,"retryReasons":[],"startAt":1782395570667,"status":"passed","title":"should populate models when brand is selected"},{"ancestorTitles":["Task Detail Page Extended Logic"],"duration":7,"failing":false,"failureDetails":[],"failureMessages":[],"fullName":"Task Detail Page Extended Logic should populate custom inputs when brand/model is not in dropdown (Regression Test)","invocations":1,"location":null,"numPassingAsserts":3,"retryReasons":[],"startAt":1782395570679,"status":"passed","title":"should populate custom inputs when brand/model is not in dropdown (Regression Test)"}],"endTime":1782395570687,"message":"","name":"C:\\Users\\takon\\OneDrive\\Desktop\\da\\01_claim_service\\web-claims-service\\__tests__\\task-detail-extended.test.js","startTime":1782395570361,"status":"passed","summary":""},{"assertionResults":[{"ancestorTitles":["Categorized ZIP Download - Folder Name Logic","getCategoryFolderName - Thai folder names"],"duration":2,"failing":false,"failureDetails":[],"failureMessages":[],"fullName":"Categorized ZIP Download - Folder Name Logic getCategoryFolderName - Thai folder names should return Thai folder name for all known categories","invocations":1,"location":null,"numPassingAsserts":7,"retryReasons":[],"startAt":1782395570613,"status":"passed","title":"should return Thai folder name for all known categories"},{"ancestorTitles":["Categorized ZIP Download - Folder Name Logic","getCategoryFolderName - Thai folder names"],"duration":1,"failing":false,"failureDetails":[],"failureMessages":[],"fullName":"Categorized ZIP Download - Folder Name Logic getCategoryFolderName - Thai folder names should return 07_อื่นๆ for unknown category (fallback)","invocations":1,"location":null,"numPassingAsserts":4,"retryReasons":[],"startAt":1782395570615,"status":"passed","title":"should return 07_อื่นๆ for unknown category (fallback)"},{"ancestorTitles":["Categorized ZIP Download - Folder Name Logic","getCategoryFolderName - Thai folder names"],"duration":1,"failing":false,"failureDetails":[],"failureMessages":[],"fullName":"Categorized ZIP Download - Folder Name Logic getCategoryFolderName - Thai folder names folder names should contain Unicode/Thai characters as requested","invocations":1,"location":null,"numPassingAsserts":7,"retryReasons":[],"startAt":1782395570616,"status":"passed","title":"folder names should contain Unicode/Thai characters as requested"},{"ancestorTitles":["Categorized ZIP Download - Folder Name Logic","getCategoryFolderName - Thai folder names"],"duration":1,"failing":false,"failureDetails":[],"failureMessages":[],"fullName":"Categorized ZIP Download - Folder Name Logic getCategoryFolderName - Thai folder names folder names should be valid ZIP path segments (no special characters except spaces/Unicode)","invocations":1,"location":null,"numPassingAsserts":7,"retryReasons":[],"startAt":1782395570617,"status":"passed","title":"folder names should be valid ZIP path segments (no special characters except spaces/Unicode)"},{"ancestorTitles":["Categorized ZIP Download - Image Category Detection"],"duration":35,"failing":false,"failureDetails":[],"failureMessages":[],"fullName":"Categorized ZIP Download - Image Category Detection should detect category from .dynamic-image-slot data-category attribute","invocations":1,"location":null,"numPassingAsserts":1,"retryReasons":[],"startAt":1782395570618,"status":"passed","title":"should detect category from .dynamic-image-slot data-category attribute"},{"ancestorTitles":["Categorized ZIP Download - Image Category Detection"],"duration":5,"failing":false,"failureDetails":[],"failureMessages":[],"fullName":"Categorized ZIP Download - Image Category Detection should detect category \"accessories\" from .dynamic-image-slot","invocations":1,"location":null,"numPassingAsserts":1,"retryReasons":[],"startAt":1782395570653,"status":"passed","title":"should detect category \"accessories\" from .dynamic-image-slot"},{"ancestorTitles":["Categorized ZIP Download - Image Category Detection"],"duration":3,"failing":false,"failureDetails":[],"failureMessages":[],"fullName":"Categorized ZIP Download - Image Category Detection should fallback to \"other\" when dynamic-image-slot has no data-category","invocations":1,"location":null,"numPassingAsserts":1,"retryReasons":[],"startAt":1782395570658,"status":"passed","title":"should fallback to \"other\" when dynamic-image-slot has no data-category"},{"ancestorTitles":["Categorized ZIP Download - Image Category Detection"],"duration":18,"failing":false,"failureDetails":[],"failureMessages":[],"fullName":"Categorized ZIP Download - Image Category Detection should detect category from h5 heading in Tab 7 (download-images-container)","invocations":1,"location":null,"numPassingAsserts":1,"retryReasons":[],"startAt":1782395570661,"status":"passed","title":"should detect category from h5 heading in Tab 7 (download-images-container)"},{"ancestorTitles":["Categorized ZIP Download - Image Category Detection"],"duration":4,"failing":false,"failureDetails":[],"failureMessages":[],"fullName":"Categorized ZIP Download - Image Category Detection should detect \"inspection\" category from h5 in Tab 7","invocations":1,"location":null,"numPassingAsserts":1,"retryReasons":[],"startAt":1782395570679,"status":"passed","title":"should detect \"inspection\" category from h5 in Tab 7"},{"ancestorTitles":["Categorized ZIP Download - Image Category Detection"],"duration":3,"failing":false,"failureDetails":[],"failureMessages":[],"fullName":"Categorized ZIP Download - Image Category Detection should NOT use h6 for category detection (regression: was using h6 before fix)","invocations":1,"location":null,"numPassingAsserts":1,"retryReasons":[],"startAt":1782395570683,"status":"passed","title":"should NOT use h6 for category detection (regression: was using h6 before fix)"},{"ancestorTitles":["Categorized ZIP Download - Image Category Detection"],"duration":3,"failing":false,"failureDetails":[],"failureMessages":[],"fullName":"Categorized ZIP Download - Image Category Detection should fallback to \"other\" when no category heading found in Tab 7","invocations":1,"location":null,"numPassingAsserts":1,"retryReasons":[],"startAt":1782395570686,"status":"passed","title":"should fallback to \"other\" when no category heading found in Tab 7"},{"ancestorTitles":["Categorized ZIP Download - Image Category Detection"],"duration":7,"failing":false,"failureDetails":[],"failureMessages":[],"fullName":"Categorized ZIP Download - Image Category Detection multiple images in same category should each detect correct category","invocations":1,"location":null,"numPassingAsserts":3,"retryReasons":[],"startAt":1782395570689,"status":"passed","title":"multiple images in same category should each detect correct category"},{"ancestorTitles":["Categorized ZIP Download - Full Integration Logic"],"duration":5,"failing":false,"failureDetails":[],"failureMessages":[],"fullName":"Categorized ZIP Download - Full Integration Logic should produce Thai folder path for each image category","invocations":1,"location":null,"numPassingAsserts":2,"retryReasons":[],"startAt":1782395570696,"status":"passed","title":"should produce Thai folder path for each image category"},{"ancestorTitles":["Categorized ZIP Download - Full Integration Logic"],"duration":4,"failing":false,"failureDetails":[],"failureMessages":[],"fullName":"Categorized ZIP Download - Full Integration Logic image from Tab7 with h5 heading should map to correct Thai folder","invocations":1,"location":null,"numPassingAsserts":3,"retryReasons":[],"startAt":1782395570701,"status":"passed","title":"image from Tab7 with h5 heading should map to correct Thai folder"}],"endTime":1782395570706,"message":"","name":"C:\\Users\\takon\\OneDrive\\Desktop\\da\\01_claim_service\\web-claims-service\\__tests__\\task-detail-zip-download.test.js","startTime":1782395570247,"status":"passed","summary":""},{"assertionResults":[{"ancestorTitles":["Helpers.ajaxCall"],"duration":5,"failing":false,"failureDetails":[],"failureMessages":[],"fullName":"Helpers.ajaxCall should resolve with response text on successful request","invocations":1,"location":null,"numPassingAsserts":3,"retryReasons":[],"startAt":1782395570777,"status":"passed","title":"should resolve with response text on successful request"},{"ancestorTitles":["Helpers.ajaxCall"],"duration":29,"failing":false,"failureDetails":[],"failureMessages":[],"fullName":"Helpers.ajaxCall should reject with an error on a failed request","invocations":1,"location":null,"numPassingAsserts":1,"retryReasons":[],"startAt":1782395570782,"status":"passed","title":"should reject with an error on a failed request"},{"ancestorTitles":["Helpers.ajaxCall"],"duration":1,"failing":false,"failureDetails":[],"failureMessages":[],"fullName":"Helpers.ajaxCall should reject with an error on a network error","invocations":1,"location":null,"numPassingAsserts":1,"retryReasons":[],"startAt":1782395570812,"status":"passed","title":"should reject with an error on a network error"}],"endTime":1782395570813,"message":"","name":"C:\\Users\\takon\\OneDrive\\Desktop\\da\\01_claim_service\\web-claims-service\\__tests__\\ajax.test.js","startTime":1782395570239,"status":"passed","summary":""},{"assertionResults":[{"ancestorTitles":["Menu static methods","Menu._hasClass"],"duration":1,"failing":false,"failureDetails":[],"failureMessages":[],"fullName":"Menu static methods Menu._hasClass should return true if the element has the class","invocations":1,"location":null,"numPassingAsserts":2,"retryReasons":[],"startAt":1782395570853,"status":"passed","title":"should return true if the element has the class"},{"ancestorTitles":["Menu static methods","Menu._hasClass"],"duration":0,"failing":false,"failureDetails":[],"failureMessages":[],"fullName":"Menu static methods Menu._hasClass should return false if the element does not have the class","invocations":1,"location":null,"numPassingAsserts":1,"retryReasons":[],"startAt":1782395570855,"status":"passed","title":"should return false if the element does not have the class"},{"ancestorTitles":["Menu static methods","Menu._hasClass"],"duration":1,"failing":false,"failureDetails":[],"failureMessages":[],"fullName":"Menu static methods Menu._hasClass should handle multiple classes check","invocations":1,"location":null,"numPassingAsserts":1,"retryReasons":[],"startAt":1782395570855,"status":"passed","title":"should handle multiple classes check"},{"ancestorTitles":["Menu static methods","Menu._promisify"],"duration":0,"failing":false,"failureDetails":[],"failureMessages":[],"fullName":"Menu static methods Menu._promisify should return a promise","invocations":1,"location":null,"numPassingAsserts":1,"retryReasons":[],"startAt":1782395570856,"status":"passed","title":"should return a promise"},{"ancestorTitles":["Menu static methods","Menu._promisify"],"duration":1,"failing":false,"failureDetails":[],"failureMessages":[],"fullName":"Menu static methods Menu._promisify should resolve when function does not return false","invocations":1,"location":null,"numPassingAsserts":1,"retryReasons":[],"startAt":1782395570856,"status":"passed","title":"should resolve when function does not return false"},{"ancestorTitles":["Menu static methods","Menu._promisify"],"duration":0,"failing":false,"failureDetails":[],"failureMessages":[],"fullName":"Menu static methods Menu._promisify should reject if the function returns false","invocations":1,"location":null,"numPassingAsserts":1,"retryReasons":[],"startAt":1782395570857,"status":"passed","title":"should reject if the function returns false"},{"ancestorTitles":["Menu static methods","Menu._promisify"],"duration":0,"failing":false,"failureDetails":[],"failureMessages":[],"fullName":"Menu static methods Menu._promisify should handle functions that return a promise","invocations":1,"location":null,"numPassingAsserts":1,"retryReasons":[],"startAt":1782395570857,"status":"passed","title":"should handle functions that return a promise"},{"ancestorTitles":["Menu static methods","Menu._promisify"],"duration":1,"failing":false,"failureDetails":[],"failureMessages":[],"fullName":"Menu static methods Menu._promisify should pass arguments to the function","invocations":1,"location":null,"numPassingAsserts":1,"retryReasons":[],"startAt":1782395570857,"status":"passed","title":"should pass arguments to the function"}],"endTime":1782395570858,"message":"","name":"C:\\Users\\takon\\OneDrive\\Desktop\\da\\01_claim_service\\web-claims-service\\__tests__\\menu.test.js","startTime":1782395570302,"status":"passed","summary":""},{"assertionResults":[{"ancestorTitles":["Task Detail Page"],"duration":771,"failing":false,"failureDetails":[],"failureMessages":[],"fullName":"Task Detail Page should call loadOrderData with ID from URL","invocations":1,"location":null,"numPassingAsserts":2,"retryReasons":[],"startAt":1782395569970,"status":"passed","title":"should call loadOrderData with ID from URL"},{"ancestorTitles":["Task Detail Page"],"duration":115,"failing":false,"failureDetails":[],"failureMessages":[],"fullName":"Task Detail Page should display an alert on failed order data load","invocations":1,"location":null,"numPassingAsserts":1,"retryReasons":[],"startAt":1782395570743,"status":"passed","title":"should display an alert on failed order data load"}],"endTime":1782395570859,"message":"","name":"C:\\Users\\takon\\OneDrive\\Desktop\\da\\01_claim_service\\web-claims-service\\__tests__\\task-detail.test.js","startTime":1782395568528,"status":"passed","summary":""},{"assertionResults":[{"ancestorTitles":["Task Detail - Create Template"],"duration":770,"failing":false,"failureDetails":[],"failureMessages":[],"fullName":"Task Detail - Create Template should generate image slots when \"Create Template\" button is clicked for \"around\" category","invocations":1,"location":null,"numPassingAsserts":3,"retryReasons":[],"startAt":1782395570040,"status":"passed","title":"should generate image slots when \"Create Template\" button is clicked for \"around\" category"},{"ancestorTitles":["Task Detail - Create Template"],"duration":71,"failing":false,"failureDetails":[],"failureMessages":[],"fullName":"Task Detail - Create Template should NOT disable the button and allow multiple sets to be created","invocations":1,"location":null,"numPassingAsserts":3,"retryReasons":[],"startAt":1782395570810,"status":"passed","title":"should NOT disable the button and allow multiple sets to be created"},{"ancestorTitles":["Task Detail - Create Template"],"duration":33,"failing":false,"failureDetails":[],"failureMessages":[],"fullName":"Task Detail - Create Template should generate slots for \"accessories\" category","invocations":1,"location":null,"numPassingAsserts":1,"retryReasons":[],"startAt":1782395570881,"status":"passed","title":"should generate slots for \"accessories\" category"}],"endTime":1782395570915,"message":"","name":"C:\\Users\\takon\\OneDrive\\Desktop\\da\\01_claim_service\\web-claims-service\\__tests__\\task-detail-create-template.test.js","startTime":1782395568530,"status":"passed","summary":""},{"assertionResults":[{"ancestorTitles":["Config"],"duration":1,"failing":false,"failureDetails":[],"failureMessages":[],"fullName":"Config should have a config object defined","invocations":1,"location":null,"numPassingAsserts":1,"retryReasons":[],"startAt":1782395570899,"status":"passed","title":"should have a config object defined"},{"ancestorTitles":["Config"],"duration":0,"failing":false,"failureDetails":[],"failureMessages":[],"fullName":"Config should have primary color defined","invocations":1,"location":null,"numPassingAsserts":2,"retryReasons":[],"startAt":1782395570901,"status":"passed","title":"should have primary color defined"}],"endTime":1782395570902,"message":"","name":"C:\\Users\\takon\\OneDrive\\Desktop\\da\\01_claim_service\\web-claims-service\\__tests__\\config.test.js","startTime":1782395570647,"status":"passed","summary":""},{"assertionResults":[{"ancestorTitles":["Real-time Upload Logic"],"duration":1324,"failing":false,"failureDetails":[],"failureMessages":[],"fullName":"Real-time Upload Logic should upload files immediately upon selection","invocations":1,"location":null,"numPassingAsserts":1,"retryReasons":[],"startAt":1782395569985,"status":"passed","title":"should upload files immediately upon selection"}],"endTime":1782395571310,"message":"","name":"C:\\Users\\takon\\OneDrive\\Desktop\\da\\01_claim_service\\web-claims-service\\__tests__\\chunked-upload.test.js","startTime":1782395568536,"status":"passed","summary":""},{"assertionResults":[{"ancestorTitles":["Dashboard Search Functionality"],"duration":493,"failing":false,"failureDetails":[],"failureMessages":[],"fullName":"Dashboard Search Functionality clicking searchBtn should call fetchData with correct filters","invocations":1,"location":null,"numPassingAsserts":5,"retryReasons":[],"startAt":1782395570016,"status":"passed","title":"clicking searchBtn should call fetchData with correct filters"},{"ancestorTitles":["Dashboard Search Functionality"],"duration":133,"failing":false,"failureDetails":[],"failureMessages":[],"fullName":"Dashboard Search Functionality clicking searchBtn should reset pagination to page 1","invocations":1,"location":null,"numPassingAsserts":1,"retryReasons":[],"startAt":1782395570510,"status":"passed","title":"clicking searchBtn should reset pagination to page 1"},{"ancestorTitles":["Dashboard Search Functionality"],"duration":138,"failing":false,"failureDetails":[],"failureMessages":[],"fullName":"Dashboard Search Functionality rows should be highlighted when appointment time has passed and bike has not started yet","invocations":1,"location":null,"numPassingAsserts":2,"retryReasons":[],"startAt":1782395570644,"status":"passed","title":"rows should be highlighted when appointment time has passed and bike has not started yet"},{"ancestorTitles":["Dashboard Search Functionality"],"duration":123,"failing":false,"failureDetails":[],"failureMessages":[],"fullName":"Dashboard Search Functionality rows should be highlighted when status is waiting approval without reviewer","invocations":1,"location":null,"numPassingAsserts":2,"retryReasons":[],"startAt":1782395570782,"status":"passed","title":"rows should be highlighted when status is waiting approval without reviewer"},{"ancestorTitles":["Dashboard Search Functionality"],"duration":124,"failing":false,"failureDetails":[],"failureMessages":[],"fullName":"Dashboard Search Functionality abnormal filter should show only abnormal rows","invocations":1,"location":null,"numPassingAsserts":2,"retryReasons":[],"startAt":1782395570906,"status":"passed","title":"abnormal filter should show only abnormal rows"},{"ancestorTitles":["Dashboard Search Functionality"],"duration":123,"failing":false,"failureDetails":[],"failureMessages":[],"fullName":"Dashboard Search Functionality abnormal summary card should count abnormal rows","invocations":1,"location":null,"numPassingAsserts":1,"retryReasons":[],"startAt":1782395571031,"status":"passed","title":"abnormal summary card should count abnormal rows"},{"ancestorTitles":["Dashboard Search Functionality"],"duration":233,"failing":false,"failureDetails":[],"failureMessages":[],"fullName":"Dashboard Search Functionality clicking abnormal summary card should toggle abnormal filter","invocations":1,"location":null,"numPassingAsserts":2,"retryReasons":[],"startAt":1782395571154,"status":"passed","title":"clicking abnormal summary card should toggle abnormal filter"}],"endTime":1782395571388,"message":"","name":"C:\\Users\\takon\\OneDrive\\Desktop\\da\\01_claim_service\\web-claims-service\\__tests__\\dashboard-search.test.js","startTime":1782395568486,"status":"passed","summary":""},{"assertionResults":[{"ancestorTitles":["Task Detail - Dynamic Image Upload"],"duration":78,"failing":false,"failureDetails":[],"failureMessages":[],"fullName":"Task Detail - Dynamic Image Upload should render add image buttons","invocations":1,"location":null,"numPassingAsserts":1,"retryReasons":[],"startAt":1782395571418,"status":"passed","title":"should render add image buttons"}],"endTime":1782395571497,"message":"","name":"C:\\Users\\takon\\OneDrive\\Desktop\\da\\01_claim_service\\web-claims-service\\__tests__\\task-detail-dynamic-upload.test.js","startTime":1782395568517,"status":"passed","summary":""},{"assertionResults":[{"ancestorTitles":["User Management Page Access Control"],"duration":347,"failing":false,"failureDetails":[],"failureMessages":[],"fullName":"User Management Page Access Control should allow access for Director role","invocations":1,"location":null,"numPassingAsserts":1,"retryReasons":[],"startAt":1782395571393,"status":"passed","title":"should allow access for Director role"},{"ancestorTitles":["User Management Page Access Control"],"duration":167,"failing":false,"failureDetails":[],"failureMessages":[],"fullName":"User Management Page Access Control should redirect if user role is not Director or other allowed roles","invocations":1,"location":null,"numPassingAsserts":1,"retryReasons":[],"startAt":1782395571741,"status":"passed","title":"should redirect if user role is not Director or other allowed roles"}],"endTime":1782395571910,"message":"","name":"C:\\Users\\takon\\OneDrive\\Desktop\\da\\01_claim_service\\web-claims-service\\__tests__\\user-management.test.js","startTime":1782395568511,"status":"passed","summary":""}],"wasInterrupted":false}
